{"/home/travis/build/npmtest/node-npmtest-monk/test.js":{"path":"/home/travis/build/npmtest/node-npmtest-monk/test.js","s":{"1":2,"2":2,"3":2,"4":2,"5":2,"6":2,"7":2,"8":1,"9":2,"10":2,"11":1,"12":1,"13":1,"14":1,"15":2,"16":2,"17":2,"18":2,"19":1,"20":1,"21":2,"22":2,"23":2,"24":1,"25":1,"26":1,"27":1,"28":1,"29":1,"30":1,"31":1,"32":1,"33":1,"34":1,"35":1,"36":1,"37":1,"38":1,"39":2,"40":2,"41":1,"42":2,"43":2,"44":1,"45":2,"46":2,"47":1,"48":2,"49":2,"50":1,"51":1,"52":1,"53":1,"54":1},"b":{"1":[2,1,1,1],"2":[1,1,1,1],"3":[1,1],"4":[1,1],"5":[1,1],"6":[1,1],"7":[1,1],"8":[1,1],"9":[1,1],"10":[1,1,1],"11":[1,1],"12":[1,1],"13":[1,1],"14":[1,1],"15":[1,1],"16":[1,1],"17":[1,1]},"f":{"1":2,"2":2,"3":2,"4":2,"5":2,"6":1,"7":1,"8":1,"9":2,"10":2,"11":2,"12":2,"13":1},"fnMap":{"1":{"name":"(anonymous_1)","line":12,"loc":{"start":{"line":12,"column":1},"end":{"line":12,"column":13}}},"2":{"name":"(anonymous_2)","line":19,"loc":{"start":{"line":19,"column":5},"end":{"line":19,"column":17}}},"3":{"name":"(anonymous_3)","line":23,"loc":{"start":{"line":23,"column":24},"end":{"line":23,"column":36}}},"4":{"name":"(anonymous_4)","line":61,"loc":{"start":{"line":61,"column":5},"end":{"line":61,"column":17}}},"5":{"name":"(anonymous_5)","line":82,"loc":{"start":{"line":82,"column":5},"end":{"line":82,"column":17}}},"6":{"name":"(anonymous_6)","line":91,"loc":{"start":{"line":91,"column":77},"end":{"line":94,"column":10}}},"7":{"name":"(anonymous_7)","line":112,"loc":{"start":{"line":112,"column":83},"end":{"line":115,"column":10}},"skip":true},"8":{"name":"(anonymous_8)","line":123,"loc":{"start":{"line":123,"column":77},"end":{"line":126,"column":10}},"skip":true},"9":{"name":"(anonymous_9)","line":139,"loc":{"start":{"line":139,"column":12},"end":{"line":139,"column":40}},"skip":true},"10":{"name":"(anonymous_10)","line":147,"loc":{"start":{"line":147,"column":77},"end":{"line":150,"column":10}},"skip":true},"11":{"name":"(anonymous_11)","line":158,"loc":{"start":{"line":158,"column":83},"end":{"line":161,"column":10}},"skip":true},"12":{"name":"(anonymous_12)","line":169,"loc":{"start":{"line":169,"column":79},"end":{"line":172,"column":10}},"skip":true},"13":{"name":"(anonymous_13)","line":180,"loc":{"start":{"line":180,"column":75},"end":{"line":183,"column":10}},"skip":true}},"statementMap":{"1":{"start":{"line":12,"column":0},"end":{"line":195,"column":5}},"2":{"start":{"line":14,"column":4},"end":{"line":14,"column":14}},"3":{"start":{"line":19,"column":4},"end":{"line":56,"column":9}},"4":{"start":{"line":21,"column":8},"end":{"line":21,"column":19}},"5":{"start":{"line":23,"column":8},"end":{"line":35,"column":13}},"6":{"start":{"line":24,"column":12},"end":{"line":34,"column":13}},"7":{"start":{"line":25,"column":16},"end":{"line":28,"column":30}},"8":{"start":{"line":30,"column":16},"end":{"line":33,"column":27}},"9":{"start":{"line":37,"column":8},"end":{"line":39,"column":21}},"10":{"start":{"line":40,"column":8},"end":{"line":53,"column":9}},"11":{"start":{"line":43,"column":12},"end":{"line":46,"column":14}},"12":{"start":{"line":47,"column":12},"end":{"line":47,"column":18}},"13":{"start":{"line":50,"column":12},"end":{"line":51,"column":46}},"14":{"start":{"line":52,"column":12},"end":{"line":52,"column":18}},"15":{"start":{"line":55,"column":8},"end":{"line":55,"column":35}},"16":{"start":{"line":61,"column":4},"end":{"line":63,"column":9}},"17":{"start":{"line":62,"column":8},"end":{"line":62,"column":15}},"18":{"start":{"line":64,"column":4},"end":{"line":77,"column":5}},"19":{"start":{"line":70,"column":8},"end":{"line":70,"column":14}},"20":{"start":{"line":76,"column":8},"end":{"line":76,"column":14}},"21":{"start":{"line":82,"column":4},"end":{"line":84,"column":9}},"22":{"start":{"line":83,"column":8},"end":{"line":83,"column":15}},"23":{"start":{"line":85,"column":4},"end":{"line":194,"column":5}},"24":{"start":{"line":91,"column":8},"end":{"line":99,"column":10}},"25":{"start":{"line":98,"column":12},"end":{"line":98,"column":35}},"26":{"start":{"line":102,"column":8},"end":{"line":104,"column":63}},"27":{"start":{"line":105,"column":8},"end":{"line":105,"column":14}},"28":{"start":{"line":112,"column":8},"end":{"line":121,"column":10},"skip":true},"29":{"start":{"line":119,"column":12},"end":{"line":119,"column":55},"skip":true},"30":{"start":{"line":120,"column":12},"end":{"line":120,"column":48},"skip":true},"31":{"start":{"line":123,"column":8},"end":{"line":136,"column":10},"skip":true},"32":{"start":{"line":130,"column":12},"end":{"line":130,"column":76},"skip":true},"33":{"start":{"line":131,"column":12},"end":{"line":131,"column":73},"skip":true},"34":{"start":{"line":132,"column":12},"end":{"line":132,"column":74},"skip":true},"35":{"start":{"line":133,"column":12},"end":{"line":133,"column":79},"skip":true},"36":{"start":{"line":134,"column":12},"end":{"line":134,"column":25},"skip":true},"37":{"start":{"line":135,"column":12},"end":{"line":135,"column":45},"skip":true},"38":{"start":{"line":138,"column":8},"end":{"line":145,"column":14},"skip":true},"39":{"start":{"line":143,"column":16},"end":{"line":143,"column":29},"skip":true},"40":{"start":{"line":144,"column":16},"end":{"line":144,"column":55},"skip":true},"41":{"start":{"line":147,"column":8},"end":{"line":156,"column":10},"skip":true},"42":{"start":{"line":154,"column":12},"end":{"line":154,"column":25},"skip":true},"43":{"start":{"line":155,"column":12},"end":{"line":155,"column":45},"skip":true},"44":{"start":{"line":158,"column":8},"end":{"line":167,"column":10},"skip":true},"45":{"start":{"line":165,"column":12},"end":{"line":165,"column":25},"skip":true},"46":{"start":{"line":166,"column":12},"end":{"line":166,"column":48},"skip":true},"47":{"start":{"line":169,"column":8},"end":{"line":178,"column":10},"skip":true},"48":{"start":{"line":176,"column":12},"end":{"line":176,"column":25},"skip":true},"49":{"start":{"line":177,"column":12},"end":{"line":177,"column":46},"skip":true},"50":{"start":{"line":180,"column":8},"end":{"line":189,"column":10},"skip":true},"51":{"start":{"line":187,"column":12},"end":{"line":187,"column":94},"skip":true},"52":{"start":{"line":188,"column":12},"end":{"line":188,"column":48},"skip":true},"53":{"start":{"line":192,"column":8},"end":{"line":192,"column":35},"skip":true},"54":{"start":{"line":193,"column":8},"end":{"line":193,"column":14},"skip":true}},"branchMap":{"1":{"line":25,"type":"binary-expr","locations":[{"start":{"line":25,"column":23},"end":{"line":25,"column":62}},{"start":{"line":26,"column":20},"end":{"line":26,"column":70}},{"start":{"line":27,"column":20},"end":{"line":27,"column":71}},{"start":{"line":28,"column":20},"end":{"line":28,"column":29}}]},"2":{"line":30,"type":"binary-expr","locations":[{"start":{"line":30,"column":23},"end":{"line":30,"column":37}},{"start":{"line":31,"column":20},"end":{"line":31,"column":61}},{"start":{"line":32,"column":20},"end":{"line":32,"column":70}},{"start":{"line":33,"column":20},"end":{"line":33,"column":26}}]},"3":{"line":37,"type":"cond-expr","locations":[{"start":{"line":38,"column":14},"end":{"line":38,"column":20}},{"start":{"line":39,"column":14},"end":{"line":39,"column":20}}]},"4":{"line":40,"type":"switch","locations":[{"start":{"line":42,"column":8},"end":{"line":47,"column":18}},{"start":{"line":49,"column":8},"end":{"line":52,"column":18}}]},"5":{"line":44,"type":"binary-expr","locations":[{"start":{"line":44,"column":16},"end":{"line":44,"column":44}},{"start":{"line":44,"column":48},"end":{"line":44,"column":66}}]},"6":{"line":50,"type":"binary-expr","locations":[{"start":{"line":50,"column":21},"end":{"line":50,"column":49}},{"start":{"line":50,"column":53},"end":{"line":50,"column":72}}]},"7":{"line":64,"type":"switch","locations":[{"start":{"line":69,"column":4},"end":{"line":70,"column":14}},{"start":{"line":75,"column":4},"end":{"line":76,"column":14}}]},"8":{"line":85,"type":"switch","locations":[{"start":{"line":90,"column":4},"end":{"line":105,"column":14}},{"start":{"line":111,"column":4},"end":{"line":193,"column":14},"skip":true}]},"9":{"line":91,"type":"binary-expr","locations":[{"start":{"line":91,"column":42},"end":{"line":91,"column":73}},{"start":{"line":91,"column":77},"end":{"line":99,"column":9}}]},"10":{"line":102,"type":"binary-expr","locations":[{"start":{"line":102,"column":18},"end":{"line":102,"column":32}},{"start":{"line":103,"column":12},"end":{"line":103,"column":53}},{"start":{"line":104,"column":12},"end":{"line":104,"column":61}}]},"11":{"line":112,"type":"binary-expr","locations":[{"start":{"line":112,"column":45},"end":{"line":112,"column":79},"skip":true},{"start":{"line":112,"column":83},"end":{"line":121,"column":9},"skip":true}]},"12":{"line":123,"type":"binary-expr","locations":[{"start":{"line":123,"column":42},"end":{"line":123,"column":73},"skip":true},{"start":{"line":123,"column":77},"end":{"line":136,"column":9},"skip":true}]},"13":{"line":138,"type":"binary-expr","locations":[{"start":{"line":138,"column":48},"end":{"line":138,"column":85},"skip":true},{"start":{"line":139,"column":12},"end":{"line":145,"column":13},"skip":true}]},"14":{"line":147,"type":"binary-expr","locations":[{"start":{"line":147,"column":42},"end":{"line":147,"column":73},"skip":true},{"start":{"line":147,"column":77},"end":{"line":156,"column":9},"skip":true}]},"15":{"line":158,"type":"binary-expr","locations":[{"start":{"line":158,"column":45},"end":{"line":158,"column":79},"skip":true},{"start":{"line":158,"column":83},"end":{"line":167,"column":9},"skip":true}]},"16":{"line":169,"type":"binary-expr","locations":[{"start":{"line":169,"column":43},"end":{"line":169,"column":75},"skip":true},{"start":{"line":169,"column":79},"end":{"line":178,"column":9},"skip":true}]},"17":{"line":180,"type":"binary-expr","locations":[{"start":{"line":180,"column":41},"end":{"line":180,"column":71},"skip":true},{"start":{"line":180,"column":75},"end":{"line":189,"column":9},"skip":true}]}},"code":["/* istanbul instrument in package npmtest_monk */","/*jslint","    bitwise: true,","    browser: true,","    maxerr: 8,","    maxlen: 96,","    node: true,","    nomen: true,","    regexp: true,","    stupid: true","*/","(function () {","    'use strict';","    var local;","","","","    // run shared js-env code - pre-init","    (function () {","        // init local","        local = {};","        // init modeJs","        local.modeJs = (function () {","            try {","                return typeof navigator.userAgent === 'string' &&","                    typeof document.querySelector('body') === 'object' &&","                    typeof XMLHttpRequest.prototype.open === 'function' &&","                    'browser';","            } catch (errorCaughtBrowser) {","                return module.exports &&","                    typeof process.versions.node === 'string' &&","                    typeof require('http').createServer === 'function' &&","                    'node';","            }","        }());","        // init global","        local.global = local.modeJs === 'browser'","            ? window","            : global;","        switch (local.modeJs) {","        // re-init local from window.local","        case 'browser':","            local = local.global.utility2.objectSetDefault(","                local.global.utility2_rollup || local.global.local,","                local.global.utility2","            );","            break;","        // re-init local from example.js","        case 'node':","            local = (local.global.utility2_rollup || require('utility2'))","                .requireExampleJsFromReadme();","            break;","        }","        // export local","        local.global.local = local;","    }());","","","","    // run shared js-env code - function","    (function () {","        return;","    }());","    switch (local.modeJs) {","","","","    // run browser js-env code - function","    case 'browser':","        break;","","","","    // run node js-env code - function","    case 'node':","        break;","    }","","","","    // run shared js-env code - post-init","    (function () {","        return;","    }());","    switch (local.modeJs) {","","","","    // run browser js-env code - post-init","    case 'browser':","        local.testCase_browser_nullCase = local.testCase_browser_nullCase || function (","            options,","            onError","        ) {","        /*","         * this function will test browsers's null-case handling-behavior-behavior","         */","            onError(null, options);","        };","","        // run tests","        local.nop(local.modeTest &&","            document.querySelector('#testRunButton1') &&","            document.querySelector('#testRunButton1').click());","        break;","","","","    // run node js-env code - post-init","    /* istanbul ignore next */","    case 'node':","        local.testCase_buildApidoc_default = local.testCase_buildApidoc_default || function (","            options,","            onError","        ) {","        /*","         * this function will test buildApidoc's default handling-behavior-behavior","         */","            options = { modulePathList: module.paths };","            local.buildApidoc(options, onError);","        };","","        local.testCase_buildApp_default = local.testCase_buildApp_default || function (","            options,","            onError","        ) {","        /*","         * this function will test buildApp's default handling-behavior-behavior","         */","            local.testCase_buildReadme_default(options, local.onErrorThrow);","            local.testCase_buildLib_default(options, local.onErrorThrow);","            local.testCase_buildTest_default(options, local.onErrorThrow);","            local.testCase_buildCustomOrg_default(options, local.onErrorThrow);","            options = [];","            local.buildApp(options, onError);","        };","","        local.testCase_buildCustomOrg_default = local.testCase_buildCustomOrg_default ||","            function (options, onError) {","            /*","             * this function will test buildCustomOrg's default handling-behavior","             */","                options = {};","                local.buildCustomOrg(options, onError);","            };","","        local.testCase_buildLib_default = local.testCase_buildLib_default || function (","            options,","            onError","        ) {","        /*","         * this function will test buildLib's default handling-behavior","         */","            options = {};","            local.buildLib(options, onError);","        };","","        local.testCase_buildReadme_default = local.testCase_buildReadme_default || function (","            options,","            onError","        ) {","        /*","         * this function will test buildReadme's default handling-behavior-behavior","         */","            options = {};","            local.buildReadme(options, onError);","        };","","        local.testCase_buildTest_default = local.testCase_buildTest_default || function (","            options,","            onError","        ) {","        /*","         * this function will test buildTest's default handling-behavior","         */","            options = {};","            local.buildTest(options, onError);","        };","","        local.testCase_webpage_default = local.testCase_webpage_default || function (","            options,","            onError","        ) {","        /*","         * this function will test webpage's default handling-behavior","         */","            options = { modeCoverageMerge: true, url: local.serverLocalHost + '?modeTest=1' };","            local.browserTest(options, onError);","        };","","        // run test-server","        local.testRunServer(local);","        break;","    }","}());",""],"l":{"12":2,"14":2,"19":2,"21":2,"23":2,"24":2,"25":2,"30":1,"37":2,"40":2,"43":1,"47":1,"50":1,"52":1,"55":2,"61":2,"62":2,"64":2,"70":1,"76":1,"82":2,"83":2,"85":2,"91":1,"98":1,"102":1,"105":1,"112":1,"119":1,"120":1,"123":1,"130":1,"131":1,"132":1,"133":1,"134":1,"135":1,"138":1,"143":2,"144":2,"147":1,"154":2,"155":2,"158":1,"165":2,"166":2,"169":1,"176":2,"177":2,"180":1,"187":1,"188":1,"192":1,"193":1}},"/home/travis/build/npmtest/node-npmtest-monk/lib.npmtest_monk.js":{"path":"/home/travis/build/npmtest/node-npmtest-monk/lib.npmtest_monk.js","s":{"1":2,"2":2,"3":2,"4":2,"5":2,"6":2,"7":2,"8":1,"9":2,"10":2,"11":2,"12":2,"13":1,"14":1,"15":1,"16":1},"b":{"1":[2,1,1,1],"2":[1,1,1,1],"3":[1,1],"4":[2,2],"5":[1,1]},"f":{"1":2,"2":2,"3":2},"fnMap":{"1":{"name":"(anonymous_1)","line":12,"loc":{"start":{"line":12,"column":1},"end":{"line":12,"column":13}}},"2":{"name":"(anonymous_2)","line":19,"loc":{"start":{"line":19,"column":5},"end":{"line":19,"column":17}}},"3":{"name":"(anonymous_3)","line":23,"loc":{"start":{"line":23,"column":24},"end":{"line":23,"column":36}}}},"statementMap":{"1":{"start":{"line":12,"column":0},"end":{"line":53,"column":5}},"2":{"start":{"line":14,"column":4},"end":{"line":14,"column":14}},"3":{"start":{"line":19,"column":4},"end":{"line":52,"column":9}},"4":{"start":{"line":21,"column":8},"end":{"line":21,"column":19}},"5":{"start":{"line":23,"column":8},"end":{"line":35,"column":13}},"6":{"start":{"line":24,"column":12},"end":{"line":34,"column":13}},"7":{"start":{"line":25,"column":16},"end":{"line":28,"column":30}},"8":{"start":{"line":30,"column":16},"end":{"line":33,"column":27}},"9":{"start":{"line":37,"column":8},"end":{"line":39,"column":21}},"10":{"start":{"line":41,"column":8},"end":{"line":41,"column":54}},"11":{"start":{"line":43,"column":8},"end":{"line":43,"column":49}},"12":{"start":{"line":45,"column":8},"end":{"line":51,"column":9}},"13":{"start":{"line":46,"column":12},"end":{"line":46,"column":55}},"14":{"start":{"line":48,"column":12},"end":{"line":48,"column":35}},"15":{"start":{"line":49,"column":12},"end":{"line":49,"column":49}},"16":{"start":{"line":50,"column":12},"end":{"line":50,"column":43}}},"branchMap":{"1":{"line":25,"type":"binary-expr","locations":[{"start":{"line":25,"column":23},"end":{"line":25,"column":62}},{"start":{"line":26,"column":20},"end":{"line":26,"column":70}},{"start":{"line":27,"column":20},"end":{"line":27,"column":71}},{"start":{"line":28,"column":20},"end":{"line":28,"column":29}}]},"2":{"line":30,"type":"binary-expr","locations":[{"start":{"line":30,"column":23},"end":{"line":30,"column":37}},{"start":{"line":31,"column":20},"end":{"line":31,"column":61}},{"start":{"line":32,"column":20},"end":{"line":32,"column":70}},{"start":{"line":33,"column":20},"end":{"line":33,"column":26}}]},"3":{"line":37,"type":"cond-expr","locations":[{"start":{"line":38,"column":14},"end":{"line":38,"column":20}},{"start":{"line":39,"column":14},"end":{"line":39,"column":20}}]},"4":{"line":41,"type":"binary-expr","locations":[{"start":{"line":41,"column":16},"end":{"line":41,"column":44}},{"start":{"line":41,"column":48},"end":{"line":41,"column":53}}]},"5":{"line":45,"type":"if","locations":[{"start":{"line":45,"column":8},"end":{"line":45,"column":8}},{"start":{"line":45,"column":8},"end":{"line":45,"column":8}}]}},"code":["/* istanbul instrument in package npmtest_monk */","/*jslint","    bitwise: true,","    browser: true,","    maxerr: 8,","    maxlen: 96,","    node: true,","    nomen: true,","    regexp: true,","    stupid: true","*/","(function () {","    'use strict';","    var local;","","","","    // run shared js-env code - pre-init","    (function () {","        // init local","        local = {};","        // init modeJs","        local.modeJs = (function () {","            try {","                return typeof navigator.userAgent === 'string' &&","                    typeof document.querySelector('body') === 'object' &&","                    typeof XMLHttpRequest.prototype.open === 'function' &&","                    'browser';","            } catch (errorCaughtBrowser) {","                return module.exports &&","                    typeof process.versions.node === 'string' &&","                    typeof require('http').createServer === 'function' &&","                    'node';","            }","        }());","        // init global","        local.global = local.modeJs === 'browser'","            ? window","            : global;","        // init utility2_rollup","        local = local.global.utility2_rollup || local;","        // init lib","        local.local = local.npmtest_monk = local;","        // init exports","        if (local.modeJs === 'browser') {","            local.global.utility2_npmtest_monk = local;","        } else {","            module.exports = local;","            module.exports.__dirname = __dirname;","            module.exports.module = module;","        }","    }());","}());",""],"l":{"12":2,"14":2,"19":2,"21":2,"23":2,"24":2,"25":2,"30":1,"37":2,"41":2,"43":2,"45":2,"46":1,"48":1,"49":1,"50":1}},"/home/travis/build/npmtest/node-npmtest-monk/example.js":{"path":"/home/travis/build/npmtest/node-npmtest-monk/example.js","s":{"1":2,"2":2,"3":2,"4":2,"5":2,"6":2,"7":2,"8":1,"9":2,"10":2,"11":2,"12":2,"13":1,"14":2,"15":2,"16":2,"17":2,"18":2,"19":0,"20":2,"21":1,"22":1,"23":1,"24":1,"25":1,"26":0,"27":0,"28":1,"29":1,"30":2,"31":0,"32":0,"33":0,"34":1,"35":2,"36":2,"37":3,"38":3,"39":3,"40":3,"41":0,"42":3,"43":3,"44":3,"45":1,"46":3,"47":1,"48":1,"49":1,"50":1,"51":1,"52":1,"53":1,"54":1,"55":1,"56":1,"57":0,"58":1,"59":6,"60":6,"61":1,"62":2,"63":0,"64":2,"65":1,"66":1,"67":0,"68":0,"69":0,"70":0,"71":0,"72":0,"73":0,"74":0,"75":0,"76":0,"77":0,"78":0,"79":0,"80":0,"81":0,"82":0,"83":0},"b":{"1":[2,1,1,1],"2":[1,1,1,1],"3":[1,1],"4":[2,2],"5":[1,1],"6":[1,1],"7":[2,0],"8":[2,1,1,1,1,1],"9":[0,2,0],"10":[1,1],"11":[2,1,1],"12":[1,0],"13":[0,2],"14":[2,0,0,0,0,0,0],"15":[0,3],"16":[3,0],"17":[1,1],"18":[0,1],"19":[1,2,0,2],"20":[1,0],"21":[1,1],"22":[0,0],"23":[0,0],"24":[0,0],"25":[0,0],"26":[0,0],"27":[0,0],"28":[0,0]},"f":{"1":2,"2":2,"3":2,"4":2,"5":2,"6":2,"7":3,"8":3,"9":3,"10":1,"11":6,"12":0},"fnMap":{"1":{"name":"(anonymous_1)","line":26,"loc":{"start":{"line":26,"column":1},"end":{"line":26,"column":13}}},"2":{"name":"(anonymous_2)","line":33,"loc":{"start":{"line":33,"column":5},"end":{"line":33,"column":17}}},"3":{"name":"(anonymous_3)","line":37,"loc":{"start":{"line":37,"column":24},"end":{"line":37,"column":36}}},"4":{"name":"(anonymous_4)","line":69,"loc":{"start":{"line":69,"column":31},"end":{"line":69,"column":48}},"skip":true},"5":{"name":"(anonymous_5)","line":78,"loc":{"start":{"line":78,"column":26},"end":{"line":78,"column":45}},"skip":true},"6":{"name":"(anonymous_6)","line":123,"loc":{"start":{"line":123,"column":33},"end":{"line":123,"column":48}},"skip":true},"7":{"name":"(anonymous_7)","line":125,"loc":{"start":{"line":125,"column":27},"end":{"line":125,"column":39}},"skip":true},"8":{"name":"(anonymous_8)","line":133,"loc":{"start":{"line":133,"column":59},"end":{"line":133,"column":74}},"skip":true},"9":{"name":"(anonymous_9)","line":143,"loc":{"start":{"line":143,"column":45},"end":{"line":143,"column":62}},"skip":true},"10":{"name":"(anonymous_10)","line":144,"loc":{"start":{"line":144,"column":73},"end":{"line":144,"column":92}},"skip":true},"11":{"name":"(anonymous_11)","line":272,"loc":{"start":{"line":272,"column":51},"end":{"line":272,"column":77}},"skip":true},"12":{"name":"(anonymous_12)","line":315,"loc":{"start":{"line":315,"column":32},"end":{"line":315,"column":61}},"skip":true}},"statementMap":{"1":{"start":{"line":26,"column":0},"end":{"line":326,"column":5}},"2":{"start":{"line":28,"column":4},"end":{"line":28,"column":14}},"3":{"start":{"line":33,"column":4},"end":{"line":60,"column":9}},"4":{"start":{"line":35,"column":8},"end":{"line":35,"column":19}},"5":{"start":{"line":37,"column":8},"end":{"line":49,"column":13}},"6":{"start":{"line":38,"column":12},"end":{"line":48,"column":13}},"7":{"start":{"line":39,"column":16},"end":{"line":42,"column":30}},"8":{"start":{"line":44,"column":16},"end":{"line":47,"column":27}},"9":{"start":{"line":51,"column":8},"end":{"line":53,"column":21}},"10":{"start":{"line":55,"column":8},"end":{"line":57,"column":45}},"11":{"start":{"line":59,"column":8},"end":{"line":59,"column":35}},"12":{"start":{"line":61,"column":4},"end":{"line":325,"column":5}},"13":{"start":{"line":69,"column":8},"end":{"line":121,"column":10},"skip":true},"14":{"start":{"line":70,"column":12},"end":{"line":88,"column":13},"skip":true},"15":{"start":{"line":76,"column":16},"end":{"line":87,"column":19},"skip":true},"16":{"start":{"line":79,"column":20},"end":{"line":86,"column":21},"skip":true},"17":{"start":{"line":82,"column":24},"end":{"line":82,"column":43},"skip":true},"18":{"start":{"line":83,"column":24},"end":{"line":83,"column":30},"skip":true},"19":{"start":{"line":85,"column":24},"end":{"line":85,"column":49},"skip":true},"20":{"start":{"line":89,"column":12},"end":{"line":107,"column":13},"skip":true},"21":{"start":{"line":92,"column":16},"end":{"line":102,"column":17},"skip":true},"22":{"start":{"line":93,"column":20},"end":{"line":93,"column":86},"skip":true},"23":{"start":{"line":94,"column":20},"end":{"line":95,"column":45},"skip":true},"24":{"start":{"line":96,"column":20},"end":{"line":96,"column":42},"skip":true},"25":{"start":{"line":97,"column":20},"end":{"line":97,"column":48},"skip":true},"26":{"start":{"line":100,"column":20},"end":{"line":100,"column":85},"skip":true},"27":{"start":{"line":101,"column":20},"end":{"line":101,"column":96},"skip":true},"28":{"start":{"line":103,"column":16},"end":{"line":103,"column":22},"skip":true},"29":{"start":{"line":106,"column":16},"end":{"line":106,"column":22},"skip":true},"30":{"start":{"line":108,"column":12},"end":{"line":120,"column":13},"skip":true},"31":{"start":{"line":114,"column":16},"end":{"line":119,"column":17},"skip":true},"32":{"start":{"line":116,"column":20},"end":{"line":116,"column":78},"skip":true},"33":{"start":{"line":118,"column":20},"end":{"line":118,"column":47},"skip":true},"34":{"start":{"line":123,"column":8},"end":{"line":141,"column":11},"skip":true},"35":{"start":{"line":124,"column":12},"end":{"line":124,"column":54},"skip":true},"36":{"start":{"line":125,"column":12},"end":{"line":140,"column":14},"skip":true},"37":{"start":{"line":126,"column":16},"end":{"line":126,"column":28},"skip":true},"38":{"start":{"line":127,"column":16},"end":{"line":127,"column":69},"skip":true},"39":{"start":{"line":128,"column":16},"end":{"line":128,"column":75},"skip":true},"40":{"start":{"line":129,"column":16},"end":{"line":131,"column":17},"skip":true},"41":{"start":{"line":130,"column":20},"end":{"line":130,"column":27},"skip":true},"42":{"start":{"line":133,"column":16},"end":{"line":137,"column":36},"skip":true},"43":{"start":{"line":134,"column":20},"end":{"line":136,"column":55},"skip":true},"44":{"start":{"line":139,"column":16},"end":{"line":139,"column":57},"skip":true},"45":{"start":{"line":143,"column":8},"end":{"line":147,"column":11},"skip":true},"46":{"start":{"line":144,"column":12},"end":{"line":146,"column":15},"skip":true},"47":{"start":{"line":145,"column":16},"end":{"line":145,"column":70},"skip":true},"48":{"start":{"line":149,"column":8},"end":{"line":149,"column":31},"skip":true},"49":{"start":{"line":150,"column":8},"end":{"line":150,"column":14},"skip":true},"50":{"start":{"line":158,"column":8},"end":{"line":158,"column":31},"skip":true},"51":{"start":{"line":160,"column":8},"end":{"line":160,"column":33},"skip":true},"52":{"start":{"line":161,"column":8},"end":{"line":161,"column":37},"skip":true},"53":{"start":{"line":162,"column":8},"end":{"line":162,"column":35},"skip":true},"54":{"start":{"line":164,"column":8},"end":{"line":164,"column":50},"skip":true},"55":{"start":{"line":166,"column":8},"end":{"line":256,"column":2},"skip":true},"56":{"start":{"line":258,"column":8},"end":{"line":286,"column":9},"skip":true},"57":{"start":{"line":259,"column":12},"end":{"line":269,"column":14},"skip":true},"58":{"start":{"line":271,"column":12},"end":{"line":285,"column":19},"skip":true},"59":{"start":{"line":274,"column":20},"end":{"line":274,"column":35},"skip":true},"60":{"start":{"line":275,"column":20},"end":{"line":284,"column":21},"skip":true},"61":{"start":{"line":277,"column":24},"end":{"line":277,"column":64},"skip":true},"62":{"start":{"line":279,"column":24},"end":{"line":279,"column":40},"skip":true},"63":{"start":{"line":281,"column":24},"end":{"line":281,"column":40},"skip":true},"64":{"start":{"line":283,"column":24},"end":{"line":283,"column":39},"skip":true},"65":{"start":{"line":288,"column":8},"end":{"line":290,"column":9},"skip":true},"66":{"start":{"line":289,"column":12},"end":{"line":289,"column":18},"skip":true},"67":{"start":{"line":291,"column":8},"end":{"line":293,"column":54},"skip":true},"68":{"start":{"line":296,"column":8},"end":{"line":301,"column":37},"skip":true},"69":{"start":{"line":303,"column":8},"end":{"line":303,"column":82},"skip":true},"70":{"start":{"line":306,"column":8},"end":{"line":308,"column":9},"skip":true},"71":{"start":{"line":307,"column":12},"end":{"line":307,"column":82},"skip":true},"72":{"start":{"line":310,"column":8},"end":{"line":312,"column":9},"skip":true},"73":{"start":{"line":311,"column":12},"end":{"line":311,"column":18},"skip":true},"74":{"start":{"line":313,"column":8},"end":{"line":313,"column":54},"skip":true},"75":{"start":{"line":314,"column":8},"end":{"line":314,"column":69},"skip":true},"76":{"start":{"line":315,"column":8},"end":{"line":323,"column":36},"skip":true},"77":{"start":{"line":316,"column":12},"end":{"line":316,"column":61},"skip":true},"78":{"start":{"line":317,"column":12},"end":{"line":320,"column":13},"skip":true},"79":{"start":{"line":318,"column":16},"end":{"line":318,"column":75},"skip":true},"80":{"start":{"line":319,"column":16},"end":{"line":319,"column":23},"skip":true},"81":{"start":{"line":321,"column":12},"end":{"line":321,"column":38},"skip":true},"82":{"start":{"line":322,"column":12},"end":{"line":322,"column":27},"skip":true},"83":{"start":{"line":324,"column":8},"end":{"line":324,"column":14},"skip":true}},"branchMap":{"1":{"line":39,"type":"binary-expr","locations":[{"start":{"line":39,"column":23},"end":{"line":39,"column":62}},{"start":{"line":40,"column":20},"end":{"line":40,"column":70}},{"start":{"line":41,"column":20},"end":{"line":41,"column":71}},{"start":{"line":42,"column":20},"end":{"line":42,"column":29}}]},"2":{"line":44,"type":"binary-expr","locations":[{"start":{"line":44,"column":23},"end":{"line":44,"column":37}},{"start":{"line":45,"column":20},"end":{"line":45,"column":61}},{"start":{"line":46,"column":20},"end":{"line":46,"column":70}},{"start":{"line":47,"column":20},"end":{"line":47,"column":26}}]},"3":{"line":51,"type":"cond-expr","locations":[{"start":{"line":52,"column":14},"end":{"line":52,"column":20}},{"start":{"line":53,"column":14},"end":{"line":53,"column":20}}]},"4":{"line":55,"type":"binary-expr","locations":[{"start":{"line":55,"column":16},"end":{"line":55,"column":44}},{"start":{"line":55,"column":49},"end":{"line":57,"column":43}}]},"5":{"line":55,"type":"cond-expr","locations":[{"start":{"line":56,"column":14},"end":{"line":56,"column":48}},{"start":{"line":57,"column":14},"end":{"line":57,"column":43}}]},"6":{"line":61,"type":"switch","locations":[{"start":{"line":68,"column":4},"end":{"line":150,"column":14},"skip":true},{"start":{"line":156,"column":4},"end":{"line":324,"column":14},"skip":true}]},"7":{"line":70,"type":"if","locations":[{"start":{"line":70,"column":12},"end":{"line":70,"column":12},"skip":true},{"start":{"line":70,"column":12},"end":{"line":70,"column":12},"skip":true}]},"8":{"line":70,"type":"binary-expr","locations":[{"start":{"line":70,"column":16},"end":{"line":70,"column":22},"skip":true},{"start":{"line":70,"column":27},"end":{"line":70,"column":32},"skip":true},{"start":{"line":71,"column":20},"end":{"line":71,"column":39},"skip":true},{"start":{"line":72,"column":20},"end":{"line":72,"column":49},"skip":true},{"start":{"line":73,"column":20},"end":{"line":73,"column":58},"skip":true},{"start":{"line":74,"column":20},"end":{"line":74,"column":69},"skip":true}]},"9":{"line":79,"type":"switch","locations":[{"start":{"line":80,"column":20},"end":{"line":80,"column":33},"skip":true},{"start":{"line":81,"column":20},"end":{"line":83,"column":30},"skip":true},{"start":{"line":84,"column":20},"end":{"line":85,"column":49},"skip":true}]},"10":{"line":89,"type":"switch","locations":[{"start":{"line":90,"column":12},"end":{"line":103,"column":22},"skip":true},{"start":{"line":105,"column":12},"end":{"line":106,"column":22},"skip":true}]},"11":{"line":89,"type":"binary-expr","locations":[{"start":{"line":89,"column":20},"end":{"line":89,"column":25},"skip":true},{"start":{"line":89,"column":29},"end":{"line":89,"column":48},"skip":true},{"start":{"line":89,"column":52},"end":{"line":89,"column":74},"skip":true}]},"12":{"line":92,"type":"if","locations":[{"start":{"line":92,"column":16},"end":{"line":92,"column":16},"skip":true},{"start":{"line":92,"column":16},"end":{"line":92,"column":16},"skip":true}]},"13":{"line":108,"type":"if","locations":[{"start":{"line":108,"column":12},"end":{"line":108,"column":12},"skip":true},{"start":{"line":108,"column":12},"end":{"line":108,"column":12},"skip":true}]},"14":{"line":108,"type":"binary-expr","locations":[{"start":{"line":108,"column":16},"end":{"line":108,"column":61},"skip":true},{"start":{"line":108,"column":66},"end":{"line":108,"column":72},"skip":true},{"start":{"line":108,"column":77},"end":{"line":108,"column":82},"skip":true},{"start":{"line":109,"column":20},"end":{"line":109,"column":39},"skip":true},{"start":{"line":110,"column":20},"end":{"line":110,"column":49},"skip":true},{"start":{"line":111,"column":20},"end":{"line":111,"column":58},"skip":true},{"start":{"line":112,"column":20},"end":{"line":112,"column":68},"skip":true}]},"15":{"line":129,"type":"if","locations":[{"start":{"line":129,"column":16},"end":{"line":129,"column":16},"skip":true},{"start":{"line":129,"column":16},"end":{"line":129,"column":16},"skip":true}]},"16":{"line":134,"type":"cond-expr","locations":[{"start":{"line":135,"column":26},"end":{"line":135,"column":29},"skip":true},{"start":{"line":136,"column":26},"end":{"line":136,"column":54},"skip":true}]},"17":{"line":164,"type":"binary-expr","locations":[{"start":{"line":164,"column":27},"end":{"line":164,"column":43},"skip":true},{"start":{"line":164,"column":47},"end":{"line":164,"column":49},"skip":true}]},"18":{"line":258,"type":"if","locations":[{"start":{"line":258,"column":8},"end":{"line":258,"column":8},"skip":true},{"start":{"line":258,"column":8},"end":{"line":258,"column":8},"skip":true}]},"19":{"line":275,"type":"switch","locations":[{"start":{"line":276,"column":20},"end":{"line":277,"column":64},"skip":true},{"start":{"line":278,"column":20},"end":{"line":279,"column":40},"skip":true},{"start":{"line":280,"column":20},"end":{"line":281,"column":40},"skip":true},{"start":{"line":282,"column":20},"end":{"line":283,"column":39},"skip":true}]},"20":{"line":288,"type":"if","locations":[{"start":{"line":288,"column":8},"end":{"line":288,"column":8},"skip":true},{"start":{"line":288,"column":8},"end":{"line":288,"column":8},"skip":true}]},"21":{"line":288,"type":"binary-expr","locations":[{"start":{"line":288,"column":12},"end":{"line":288,"column":40},"skip":true},{"start":{"line":288,"column":44},"end":{"line":288,"column":67},"skip":true}]},"22":{"line":292,"type":"binary-expr","locations":[{"start":{"line":292,"column":12},"end":{"line":292,"column":50},"skip":true},{"start":{"line":293,"column":12},"end":{"line":293,"column":53},"skip":true}]},"23":{"line":297,"type":"binary-expr","locations":[{"start":{"line":297,"column":12},"end":{"line":297,"column":62},"skip":true},{"start":{"line":298,"column":12},"end":{"line":301,"column":36},"skip":true}]},"24":{"line":303,"type":"binary-expr","locations":[{"start":{"line":303,"column":43},"end":{"line":303,"column":75},"skip":true},{"start":{"line":303,"column":79},"end":{"line":303,"column":81},"skip":true}]},"25":{"line":306,"type":"if","locations":[{"start":{"line":306,"column":8},"end":{"line":306,"column":8},"skip":true},{"start":{"line":306,"column":8},"end":{"line":306,"column":8},"skip":true}]},"26":{"line":310,"type":"if","locations":[{"start":{"line":310,"column":8},"end":{"line":310,"column":8},"skip":true},{"start":{"line":310,"column":8},"end":{"line":310,"column":8},"skip":true}]},"27":{"line":313,"type":"binary-expr","locations":[{"start":{"line":313,"column":27},"end":{"line":313,"column":43},"skip":true},{"start":{"line":313,"column":47},"end":{"line":313,"column":53},"skip":true}]},"28":{"line":317,"type":"if","locations":[{"start":{"line":317,"column":12},"end":{"line":317,"column":12},"skip":true},{"start":{"line":317,"column":12},"end":{"line":317,"column":12},"skip":true}]}},"code":["/*","example.js","","quickstart example","","instruction","    1. save this script as example.js","    2. run the shell command:","        $ npm install npmtest-monk && PORT=8081 node example.js","    3. play with the browser-demo on http://127.0.0.1:8081","*/","","","","/* istanbul instrument in package npmtest_monk */","/*jslint","    bitwise: true,","    browser: true,","    maxerr: 8,","    maxlen: 96,","    node: true,","    nomen: true,","    regexp: true,","    stupid: true","*/","(function () {","    'use strict';","    var local;","","","","    // run shared js-env code - pre-init","    (function () {","        // init local","        local = {};","        // init modeJs","        local.modeJs = (function () {","            try {","                return typeof navigator.userAgent === 'string' &&","                    typeof document.querySelector('body') === 'object' &&","                    typeof XMLHttpRequest.prototype.open === 'function' &&","                    'browser';","            } catch (errorCaughtBrowser) {","                return module.exports &&","                    typeof process.versions.node === 'string' &&","                    typeof require('http').createServer === 'function' &&","                    'node';","            }","        }());","        // init global","        local.global = local.modeJs === 'browser'","            ? window","            : global;","        // init utility2_rollup","        local = local.global.utility2_rollup || (local.modeJs === 'browser'","            ? local.global.utility2_npmtest_monk","            : global.utility2_moduleExports);","        // export local","        local.global.local = local;","    }());","    switch (local.modeJs) {","","","","    // post-init","    // run browser js-env code - post-init","    /* istanbul ignore next */","    case 'browser':","        local.testRunBrowser = function (event) {","            if (!event || (event &&","                    event.currentTarget &&","                    event.currentTarget.className &&","                    event.currentTarget.className.includes &&","                    event.currentTarget.className.includes('onreset'))) {","                // reset output","                Array.from(","                    document.querySelectorAll('body > .resettable')","                ).forEach(function (element) {","                    switch (element.tagName) {","                    case 'INPUT':","                    case 'TEXTAREA':","                        element.value = '';","                        break;","                    default:","                        element.textContent = '';","                    }","                });","            }","            switch (event && event.currentTarget && event.currentTarget.id) {","            case 'testRunButton1':","                // show tests","                if (document.querySelector('#testReportDiv1').style.display === 'none') {","                    document.querySelector('#testReportDiv1').style.display = 'block';","                    document.querySelector('#testRunButton1').textContent =","                        'hide internal test';","                    local.modeTest = true;","                    local.testRunDefault(local);","                // hide tests","                } else {","                    document.querySelector('#testReportDiv1').style.display = 'none';","                    document.querySelector('#testRunButton1').textContent = 'run internal test';","                }","                break;","            // custom-case","            default:","                break;","            }","            if (document.querySelector('#inputTextareaEval1') && (!event || (event &&","                    event.currentTarget &&","                    event.currentTarget.className &&","                    event.currentTarget.className.includes &&","                    event.currentTarget.className.includes('oneval')))) {","                // try to eval input-code","                try {","                    /*jslint evil: true*/","                    eval(document.querySelector('#inputTextareaEval1').value);","                } catch (errorCaught) {","                    console.error(errorCaught);","                }","            }","        };","        // log stderr and stdout to #outputTextareaStdout1","        ['error', 'log'].forEach(function (key) {","            console[key + '_original'] = console[key];","            console[key] = function () {","                var element;","                console[key + '_original'].apply(console, arguments);","                element = document.querySelector('#outputTextareaStdout1');","                if (!element) {","                    return;","                }","                // append text to #outputTextareaStdout1","                element.value += Array.from(arguments).map(function (arg) {","                    return typeof arg === 'string'","                        ? arg","                        : JSON.stringify(arg, null, 4);","                }).join(' ') + '\\n';","                // scroll textarea to bottom","                element.scrollTop = element.scrollHeight;","            };","        });","        // init event-handling","        ['change', 'click', 'keyup'].forEach(function (event) {","            Array.from(document.querySelectorAll('.on' + event)).forEach(function (element) {","                element.addEventListener(event, local.testRunBrowser);","            });","        });","        // run tests","        local.testRunBrowser();","        break;","","","","    // run node js-env code - post-init","    /* istanbul ignore next */","    case 'node':","        // export local","        module.exports = local;","        // require modules","        local.fs = require('fs');","        local.http = require('http');","        local.url = require('url');","        // init assets","        local.assetsDict = local.assetsDict || {};","        /* jslint-ignore-begin */","        local.assetsDict['/assets.index.template.html'] = '\\","<!doctype html>\\n\\","<html lang=\"en\">\\n\\","<head>\\n\\","<meta charset=\"UTF-8\">\\n\\","<meta name=\"viewport\" content=\"width=device-width, initial-scale=1\">\\n\\","<title>{{env.npm_package_name}} (v{{env.npm_package_version}})</title>\\n\\","<style>\\n\\","/*csslint\\n\\","    box-sizing: false,\\n\\","    universal-selector: false\\n\\","*/\\n\\","* {\\n\\","    box-sizing: border-box;\\n\\","}\\n\\","body {\\n\\","    background: #dde;\\n\\","    font-family: Arial, Helvetica, sans-serif;\\n\\","    margin: 2rem;\\n\\","}\\n\\","body > * {\\n\\","    margin-bottom: 1rem;\\n\\","}\\n\\",".utility2FooterDiv {\\n\\","    margin-top: 20px;\\n\\","    text-align: center;\\n\\","}\\n\\","</style>\\n\\","<style>\\n\\","/*csslint\\n\\","*/\\n\\","textarea {\\n\\","    font-family: monospace;\\n\\","    height: 10rem;\\n\\","    width: 100%;\\n\\","}\\n\\","textarea[readonly] {\\n\\","    background: #ddd;\\n\\","}\\n\\","</style>\\n\\","</head>\\n\\","<body>\\n\\","<!-- utility2-comment\\n\\","<div id=\"ajaxProgressDiv1\" style=\"background: #d00; height: 2px; left: 0; margin: 0; padding: 0; position: fixed; top: 0; transition: background 0.5s, width 1.5s; width: 25%;\"></div>\\n\\","utility2-comment -->\\n\\","<h1>\\n\\","<!-- utility2-comment\\n\\","    <a\\n\\","        {{#if env.npm_package_homepage}}\\n\\","        href=\"{{env.npm_package_homepage}}\"\\n\\","        {{/if env.npm_package_homepage}}\\n\\","        target=\"_blank\"\\n\\","    >\\n\\","utility2-comment -->\\n\\","        {{env.npm_package_name}} (v{{env.npm_package_version}})\\n\\","<!-- utility2-comment\\n\\","    </a>\\n\\","utility2-comment -->\\n\\","</h1>\\n\\","<h3>{{env.npm_package_description}}</h3>\\n\\","<!-- utility2-comment\\n\\","<h4><a download href=\"assets.app.js\">download standalone app</a></h4>\\n\\","<button class=\"onclick onreset\" id=\"testRunButton1\">run internal test</button><br>\\n\\","<div id=\"testReportDiv1\" style=\"display: none;\"></div>\\n\\","utility2-comment -->\\n\\","\\n\\","\\n\\","\\n\\","<label>stderr and stdout</label>\\n\\","<textarea class=\"resettable\" id=\"outputTextareaStdout1\" readonly></textarea>\\n\\","<!-- utility2-comment\\n\\","{{#if isRollup}}\\n\\","<script src=\"assets.app.js\"></script>\\n\\","{{#unless isRollup}}\\n\\","utility2-comment -->\\n\\","<script src=\"assets.utility2.rollup.js\"></script>\\n\\","<script src=\"jsonp.utility2._stateInit?callback=window.utility2._stateInit\"></script>\\n\\","<script src=\"assets.npmtest_monk.rollup.js\"></script>\\n\\","<script src=\"assets.example.js\"></script>\\n\\","<script src=\"assets.test.js\"></script>\\n\\","<!-- utility2-comment\\n\\","{{/if isRollup}}\\n\\","utility2-comment -->\\n\\","<div class=\"utility2FooterDiv\">\\n\\","    [ this app was created with\\n\\","    <a href=\"https://github.com/kaizhu256/node-utility2\" target=\"_blank\">utility2</a>\\n\\","    ]\\n\\","</div>\\n\\","</body>\\n\\","</html>\\n\\","';","        /* jslint-ignore-end */","        if (local.templateRender) {","            local.assetsDict['/'] = local.templateRender(","                local.assetsDict['/assets.index.template.html'],","                {","                    env: local.objectSetDefault(local.env, {","                        npm_package_description: 'the greatest app in the world!',","                        npm_package_name: 'my-app',","                        npm_package_nameAlias: 'my_app',","                        npm_package_version: '0.0.1'","                    })","                }","            );","        } else {","            local.assetsDict['/'] = local.assetsDict['/assets.index.template.html']","                .replace((/\\{\\{env\\.(\\w+?)\\}\\}/g), function (match0, match1) {","                    // jslint-hack","                    String(match0);","                    switch (match1) {","                    case 'npm_package_description':","                        return 'the greatest app in the world!';","                    case 'npm_package_name':","                        return 'my-app';","                    case 'npm_package_nameAlias':","                        return 'my_app';","                    case 'npm_package_version':","                        return '0.0.1';","                    }","                });","        }","        // run the cli","        if (local.global.utility2_rollup || module !== require.main) {","            break;","        }","        local.assetsDict['/assets.example.js'] =","            local.assetsDict['/assets.example.js'] ||","            local.fs.readFileSync(__filename, 'utf8');","        // bug-workaround - long $npm_package_buildCustomOrg","        /* jslint-ignore-begin */","        local.assetsDict['/assets.npmtest_monk.rollup.js'] =","            local.assetsDict['/assets.npmtest_monk.rollup.js'] ||","            local.fs.readFileSync(","                local.npmtest_monk.__dirname + '/lib.npmtest_monk.js',","                'utf8'","            ).replace((/^#!/), '//');","        /* jslint-ignore-end */","        local.assetsDict['/favicon.ico'] = local.assetsDict['/favicon.ico'] || '';","        // if $npm_config_timeout_exit exists,","        // then exit this process after $npm_config_timeout_exit ms","        if (Number(process.env.npm_config_timeout_exit)) {","            setTimeout(process.exit, Number(process.env.npm_config_timeout_exit));","        }","        // start server","        if (local.global.utility2_serverHttp1) {","            break;","        }","        process.env.PORT = process.env.PORT || '8081';","        console.error('server starting on port ' + process.env.PORT);","        local.http.createServer(function (request, response) {","            request.urlParsed = local.url.parse(request.url);","            if (local.assetsDict[request.urlParsed.pathname] !== undefined) {","                response.end(local.assetsDict[request.urlParsed.pathname]);","                return;","            }","            response.statusCode = 404;","            response.end();","        }).listen(process.env.PORT);","        break;","    }","}());",""],"l":{"26":2,"28":2,"33":2,"35":2,"37":2,"38":2,"39":2,"44":1,"51":2,"55":2,"59":2,"61":2,"69":1,"70":2,"76":2,"79":2,"82":2,"83":2,"85":1,"89":2,"92":1,"93":1,"94":1,"96":1,"97":1,"100":1,"101":1,"103":1,"106":1,"108":2,"114":1,"116":1,"118":1,"123":1,"124":2,"125":2,"126":3,"127":3,"128":3,"129":3,"130":1,"133":3,"134":3,"139":3,"143":1,"144":3,"145":1,"149":1,"150":1,"158":1,"160":1,"161":1,"162":1,"164":1,"166":1,"258":1,"259":1,"271":1,"274":6,"275":6,"277":1,"279":2,"281":1,"283":2,"288":1,"289":1,"291":1,"296":1,"303":1,"306":1,"307":1,"310":1,"311":1,"313":1,"314":1,"315":1,"316":1,"317":1,"318":1,"319":1,"321":1,"322":1,"324":1}},"/home/travis/build/npmtest/node-npmtest-monk/node_modules/monk/lib/monk.js":{"path":"/home/travis/build/npmtest/node-npmtest-monk/node_modules/monk/lib/monk.js","s":{"1":1,"2":1,"3":1,"4":1,"5":1,"6":1},"b":{},"f":{},"fnMap":{},"statementMap":{"1":{"start":{"line":6,"column":0},"end":{"line":6,"column":47}},"2":{"start":{"line":12,"column":0},"end":{"line":12,"column":44}},"3":{"start":{"line":18,"column":0},"end":{"line":18,"column":32}},"4":{"start":{"line":24,"column":0},"end":{"line":24,"column":34}},"5":{"start":{"line":26,"column":0},"end":{"line":28,"column":1}},"6":{"start":{"line":27,"column":2},"end":{"line":27,"column":29}}},"branchMap":{},"code":["","/*"," * Module exports"," */","","module.exports = exports = require('./manager')","","/*"," * Expose Collection"," */","","exports.Collection = require('./collection')","","/*"," * Expose util"," */","","exports.util = require('./util')","","/*"," * Expose helpers at the top level"," */","","var helpers = require('./helpers')","","for (var key in helpers) {","  exports[key] = helpers[key]","}",""],"l":{"6":1,"12":1,"18":1,"24":1,"26":1,"27":1}},"/home/travis/build/npmtest/node-npmtest-monk/node_modules/monk/lib/manager.js":{"path":"/home/travis/build/npmtest/node-npmtest-monk/node_modules/monk/lib/manager.js","s":{"1":1,"2":1,"3":1,"4":1,"5":1,"6":1,"7":1,"8":1,"9":1,"10":1,"11":0,"12":0,"13":0,"14":0,"15":0,"16":1,"17":1,"18":1,"19":1,"20":0,"21":0,"22":0,"23":0,"24":0,"25":0,"26":0,"27":0,"28":0,"29":0,"30":0,"31":0,"32":0,"33":0,"34":0,"35":0,"36":0,"37":0,"38":0,"39":0,"40":0,"41":0,"42":0,"43":0,"44":0,"45":0,"46":0,"47":0,"48":0,"49":0,"50":0,"51":0,"52":0,"53":0,"54":0,"55":0,"56":0,"57":0,"58":1,"59":1,"60":0,"61":0,"62":0,"63":0,"64":0,"65":0,"66":0,"67":0,"68":0,"69":1,"70":0,"71":0,"72":0,"73":0,"74":0,"75":0,"76":0,"77":1,"78":0,"79":0,"80":0,"81":1,"82":0,"83":0,"84":1,"85":0,"86":0,"87":0,"88":0,"89":1,"90":0,"91":0,"92":0,"93":0,"94":0,"95":0,"96":0,"97":0,"98":0,"99":0,"100":0,"101":0,"102":0,"103":0,"104":0,"105":1,"106":0,"107":0,"108":0,"109":1,"110":0,"111":0,"112":0,"113":0,"114":0,"115":0,"116":1,"117":0,"118":0},"b":{"1":[0,0],"2":[0,0],"3":[0,0],"4":[0,0],"5":[0,0],"6":[0,0],"7":[0,0],"8":[0,0],"9":[0,0],"10":[0,0],"11":[0,0],"12":[0,0],"13":[0,0],"14":[0,0],"15":[0,0,0,0],"16":[0,0],"17":[0,0],"18":[0,0,0,0],"19":[0,0],"20":[0,0],"21":[0,0],"22":[0,0],"23":[0,0],"24":[0,0],"25":[0,0]},"f":{"1":0,"2":0,"3":0,"4":0,"5":0,"6":0,"7":0,"8":0,"9":0,"10":0,"11":0,"12":0,"13":0,"14":0,"15":0,"16":0,"17":0,"18":0,"19":0,"20":0,"21":0,"22":0,"23":0,"24":0,"25":0},"fnMap":{"1":{"name":"(anonymous_1)","line":18,"loc":{"start":{"line":18,"column":24},"end":{"line":18,"column":48}}},"2":{"name":"Manager","line":50,"loc":{"start":{"line":50,"column":0},"end":{"line":50,"column":33}}},"3":{"name":"(anonymous_3)","line":88,"loc":{"start":{"line":88,"column":18},"end":{"line":88,"column":32}}},"4":{"name":"(anonymous_4)","line":91,"loc":{"start":{"line":91,"column":24},"end":{"line":91,"column":38}}},"5":{"name":"(anonymous_5)","line":99,"loc":{"start":{"line":99,"column":29},"end":{"line":99,"column":44}}},"6":{"name":"(anonymous_6)","line":127,"loc":{"start":{"line":127,"column":25},"end":{"line":127,"column":50}}},"7":{"name":"(anonymous_7)","line":128,"loc":{"start":{"line":128,"column":33},"end":{"line":128,"column":52}}},"8":{"name":"(anonymous_8)","line":148,"loc":{"start":{"line":148,"column":38},"end":{"line":148,"column":50}}},"9":{"name":"(anonymous_9)","line":153,"loc":{"start":{"line":153,"column":25},"end":{"line":153,"column":44}}},"10":{"name":"(anonymous_10)","line":158,"loc":{"start":{"line":158,"column":25},"end":{"line":158,"column":44}}},"11":{"name":"(anonymous_11)","line":171,"loc":{"start":{"line":171,"column":25},"end":{"line":171,"column":39}}},"12":{"name":"(anonymous_12)","line":172,"loc":{"start":{"line":172,"column":21},"end":{"line":172,"column":48}}},"13":{"name":"(anonymous_13)","line":184,"loc":{"start":{"line":184,"column":26},"end":{"line":184,"column":40}}},"14":{"name":"(anonymous_14)","line":185,"loc":{"start":{"line":185,"column":21},"end":{"line":185,"column":40}}},"15":{"name":"(anonymous_15)","line":198,"loc":{"start":{"line":198,"column":26},"end":{"line":198,"column":47}}},"16":{"name":"close","line":205,"loc":{"start":{"line":205,"column":2},"end":{"line":205,"column":31}}},"17":{"name":"(anonymous_17)","line":206,"loc":{"start":{"line":206,"column":20},"end":{"line":206,"column":32}}},"18":{"name":"(anonymous_18)","line":223,"loc":{"start":{"line":223,"column":25},"end":{"line":223,"column":44}}},"19":{"name":"(anonymous_19)","line":224,"loc":{"start":{"line":224,"column":25},"end":{"line":224,"column":39}}},"20":{"name":"(anonymous_20)","line":230,"loc":{"start":{"line":230,"column":25},"end":{"line":230,"column":44}}},"21":{"name":"(anonymous_21)","line":244,"loc":{"start":{"line":244,"column":24},"end":{"line":244,"column":49}}},"22":{"name":"(anonymous_22)","line":261,"loc":{"start":{"line":261,"column":27},"end":{"line":261,"column":69}}},"23":{"name":"(anonymous_23)","line":262,"loc":{"start":{"line":262,"column":32},"end":{"line":262,"column":46}}},"24":{"name":"(anonymous_24)","line":264,"loc":{"start":{"line":264,"column":11},"end":{"line":264,"column":26}}},"25":{"name":"(anonymous_25)","line":279,"loc":{"start":{"line":279,"column":23},"end":{"line":279,"column":38}}}},"statementMap":{"1":{"start":{"line":5,"column":0},"end":{"line":5,"column":30}},"2":{"start":{"line":6,"column":0},"end":{"line":6,"column":28}},"3":{"start":{"line":7,"column":0},"end":{"line":7,"column":37}},"4":{"start":{"line":8,"column":0},"end":{"line":8,"column":40}},"5":{"start":{"line":9,"column":0},"end":{"line":9,"column":29}},"6":{"start":{"line":10,"column":0},"end":{"line":10,"column":35}},"7":{"start":{"line":11,"column":0},"end":{"line":11,"column":25}},"8":{"start":{"line":12,"column":0},"end":{"line":12,"column":49}},"9":{"start":{"line":13,"column":0},"end":{"line":13,"column":39}},"10":{"start":{"line":18,"column":0},"end":{"line":25,"column":2}},"11":{"start":{"line":19,"column":2},"end":{"line":21,"column":3}},"12":{"start":{"line":20,"column":4},"end":{"line":20,"column":29}},"13":{"start":{"line":22,"column":2},"end":{"line":22,"column":50}},"14":{"start":{"line":23,"column":2},"end":{"line":23,"column":40}},"15":{"start":{"line":24,"column":2},"end":{"line":24,"column":61}},"16":{"start":{"line":26,"column":0},"end":{"line":26,"column":24}},"17":{"start":{"line":28,"column":0},"end":{"line":32,"column":1}},"18":{"start":{"line":38,"column":0},"end":{"line":38,"column":24}},"19":{"start":{"line":50,"column":0},"end":{"line":115,"column":1}},"20":{"start":{"line":51,"column":2},"end":{"line":53,"column":3}},"21":{"start":{"line":52,"column":4},"end":{"line":52,"column":46}},"22":{"start":{"line":55,"column":2},"end":{"line":57,"column":3}},"23":{"start":{"line":56,"column":4},"end":{"line":56,"column":37}},"24":{"start":{"line":59,"column":2},"end":{"line":62,"column":3}},"25":{"start":{"line":60,"column":4},"end":{"line":60,"column":13}},"26":{"start":{"line":61,"column":4},"end":{"line":61,"column":13}},"27":{"start":{"line":64,"column":2},"end":{"line":64,"column":19}},"28":{"start":{"line":66,"column":2},"end":{"line":77,"column":3}},"29":{"start":{"line":67,"column":4},"end":{"line":74,"column":5}},"30":{"start":{"line":68,"column":6},"end":{"line":73,"column":7}},"31":{"start":{"line":69,"column":8},"end":{"line":71,"column":9}},"32":{"start":{"line":70,"column":10},"end":{"line":70,"column":59}},"33":{"start":{"line":72,"column":8},"end":{"line":72,"column":43}},"34":{"start":{"line":75,"column":4},"end":{"line":75,"column":45}},"35":{"start":{"line":76,"column":4},"end":{"line":76,"column":78}},"36":{"start":{"line":79,"column":2},"end":{"line":83,"column":3}},"37":{"start":{"line":80,"column":4},"end":{"line":82,"column":5}},"38":{"start":{"line":81,"column":6},"end":{"line":81,"column":30}},"39":{"start":{"line":85,"column":2},"end":{"line":85,"column":29}},"40":{"start":{"line":87,"column":2},"end":{"line":87,"column":18}},"41":{"start":{"line":88,"column":2},"end":{"line":94,"column":15}},"42":{"start":{"line":89,"column":4},"end":{"line":89,"column":34}},"43":{"start":{"line":90,"column":4},"end":{"line":90,"column":70}},"44":{"start":{"line":91,"column":4},"end":{"line":93,"column":6}},"45":{"start":{"line":92,"column":6},"end":{"line":92,"column":12}},"46":{"start":{"line":96,"column":2},"end":{"line":96,"column":27}},"47":{"start":{"line":97,"column":2},"end":{"line":97,"column":32}},"48":{"start":{"line":99,"column":2},"end":{"line":101,"column":15}},"49":{"start":{"line":100,"column":4},"end":{"line":100,"column":17}},"50":{"start":{"line":103,"column":2},"end":{"line":105,"column":3}},"51":{"start":{"line":107,"column":2},"end":{"line":107,"column":23}},"52":{"start":{"line":108,"column":2},"end":{"line":108,"column":31}},"53":{"start":{"line":110,"column":2},"end":{"line":110,"column":34}},"54":{"start":{"line":111,"column":2},"end":{"line":111,"column":36}},"55":{"start":{"line":112,"column":2},"end":{"line":112,"column":60}},"56":{"start":{"line":113,"column":2},"end":{"line":113,"column":61}},"57":{"start":{"line":114,"column":2},"end":{"line":114,"column":20}},"58":{"start":{"line":121,"column":0},"end":{"line":121,"column":31}},"59":{"start":{"line":127,"column":0},"end":{"line":141,"column":1}},"60":{"start":{"line":128,"column":2},"end":{"line":140,"column":15}},"61":{"start":{"line":129,"column":4},"end":{"line":136,"column":5}},"62":{"start":{"line":130,"column":6},"end":{"line":130,"column":32}},"63":{"start":{"line":131,"column":6},"end":{"line":131,"column":37}},"64":{"start":{"line":133,"column":6},"end":{"line":133,"column":30}},"65":{"start":{"line":134,"column":6},"end":{"line":134,"column":19}},"66":{"start":{"line":135,"column":6},"end":{"line":135,"column":27}},"67":{"start":{"line":137,"column":4},"end":{"line":139,"column":5}},"68":{"start":{"line":138,"column":6},"end":{"line":138,"column":19}},"69":{"start":{"line":148,"column":0},"end":{"line":163,"column":1}},"70":{"start":{"line":149,"column":2},"end":{"line":162,"column":3}},"71":{"start":{"line":151,"column":6},"end":{"line":151,"column":38}},"72":{"start":{"line":153,"column":6},"end":{"line":155,"column":19}},"73":{"start":{"line":154,"column":8},"end":{"line":154,"column":33}},"74":{"start":{"line":158,"column":6},"end":{"line":161,"column":19}},"75":{"start":{"line":159,"column":8},"end":{"line":159,"column":33}},"76":{"start":{"line":160,"column":8},"end":{"line":160,"column":63}},"77":{"start":{"line":171,"column":0},"end":{"line":176,"column":1}},"78":{"start":{"line":172,"column":2},"end":{"line":175,"column":41}},"79":{"start":{"line":173,"column":4},"end":{"line":173,"column":30}},"80":{"start":{"line":174,"column":4},"end":{"line":174,"column":38}},"81":{"start":{"line":184,"column":0},"end":{"line":188,"column":1}},"82":{"start":{"line":185,"column":2},"end":{"line":187,"column":35}},"83":{"start":{"line":186,"column":4},"end":{"line":186,"column":39}},"84":{"start":{"line":198,"column":0},"end":{"line":234,"column":1}},"85":{"start":{"line":199,"column":2},"end":{"line":202,"column":3}},"86":{"start":{"line":200,"column":4},"end":{"line":200,"column":14}},"87":{"start":{"line":201,"column":4},"end":{"line":201,"column":17}},"88":{"start":{"line":204,"column":2},"end":{"line":204,"column":17}},"89":{"start":{"line":205,"column":2},"end":{"line":214,"column":3}},"90":{"start":{"line":206,"column":4},"end":{"line":213,"column":6}},"91":{"start":{"line":207,"column":6},"end":{"line":207,"column":32}},"92":{"start":{"line":208,"column":6},"end":{"line":208,"column":24}},"93":{"start":{"line":209,"column":6},"end":{"line":211,"column":7}},"94":{"start":{"line":210,"column":8},"end":{"line":210,"column":12}},"95":{"start":{"line":212,"column":6},"end":{"line":212,"column":15}},"96":{"start":{"line":216,"column":2},"end":{"line":233,"column":3}},"97":{"start":{"line":218,"column":6},"end":{"line":220,"column":7}},"98":{"start":{"line":219,"column":8},"end":{"line":219,"column":12}},"99":{"start":{"line":221,"column":6},"end":{"line":221,"column":30}},"100":{"start":{"line":223,"column":6},"end":{"line":227,"column":8}},"101":{"start":{"line":224,"column":8},"end":{"line":226,"column":10}},"102":{"start":{"line":225,"column":10},"end":{"line":225,"column":28}},"103":{"start":{"line":230,"column":6},"end":{"line":232,"column":8}},"104":{"start":{"line":231,"column":8},"end":{"line":231,"column":32}},"105":{"start":{"line":244,"column":0},"end":{"line":250,"column":1}},"106":{"start":{"line":245,"column":2},"end":{"line":247,"column":3}},"107":{"start":{"line":246,"column":4},"end":{"line":246,"column":64}},"108":{"start":{"line":249,"column":2},"end":{"line":249,"column":31}},"109":{"start":{"line":261,"column":0},"end":{"line":273,"column":1}},"110":{"start":{"line":262,"column":2},"end":{"line":266,"column":4}},"111":{"start":{"line":263,"column":4},"end":{"line":263,"column":46}},"112":{"start":{"line":265,"column":4},"end":{"line":265,"column":27}},"113":{"start":{"line":268,"column":2},"end":{"line":270,"column":3}},"114":{"start":{"line":269,"column":4},"end":{"line":269,"column":64}},"115":{"start":{"line":272,"column":2},"end":{"line":272,"column":31}},"116":{"start":{"line":279,"column":0},"end":{"line":282,"column":1}},"117":{"start":{"line":280,"column":2},"end":{"line":280,"column":115}},"118":{"start":{"line":281,"column":2},"end":{"line":281,"column":37}}},"branchMap":{"1":{"line":19,"type":"if","locations":[{"start":{"line":19,"column":2},"end":{"line":19,"column":2}},{"start":{"line":19,"column":2},"end":{"line":19,"column":2}}]},"2":{"line":51,"type":"if","locations":[{"start":{"line":51,"column":2},"end":{"line":51,"column":2}},{"start":{"line":51,"column":2},"end":{"line":51,"column":2}}]},"3":{"line":55,"type":"if","locations":[{"start":{"line":55,"column":2},"end":{"line":55,"column":2}},{"start":{"line":55,"column":2},"end":{"line":55,"column":2}}]},"4":{"line":59,"type":"if","locations":[{"start":{"line":59,"column":2},"end":{"line":59,"column":2}},{"start":{"line":59,"column":2},"end":{"line":59,"column":2}}]},"5":{"line":64,"type":"binary-expr","locations":[{"start":{"line":64,"column":9},"end":{"line":64,"column":13}},{"start":{"line":64,"column":17},"end":{"line":64,"column":19}}]},"6":{"line":66,"type":"if","locations":[{"start":{"line":66,"column":2},"end":{"line":66,"column":2}},{"start":{"line":66,"column":2},"end":{"line":66,"column":2}}]},"7":{"line":67,"type":"if","locations":[{"start":{"line":67,"column":4},"end":{"line":67,"column":4}},{"start":{"line":67,"column":4},"end":{"line":67,"column":4}}]},"8":{"line":69,"type":"if","locations":[{"start":{"line":69,"column":8},"end":{"line":69,"column":8}},{"start":{"line":69,"column":8},"end":{"line":69,"column":8}}]},"9":{"line":79,"type":"if","locations":[{"start":{"line":79,"column":2},"end":{"line":79,"column":2}},{"start":{"line":79,"column":2},"end":{"line":79,"column":2}}]},"10":{"line":80,"type":"if","locations":[{"start":{"line":80,"column":4},"end":{"line":80,"column":4}},{"start":{"line":80,"column":4},"end":{"line":80,"column":4}}]},"11":{"line":99,"type":"binary-expr","locations":[{"start":{"line":99,"column":23},"end":{"line":99,"column":25}},{"start":{"line":99,"column":29},"end":{"line":101,"column":14}}]},"12":{"line":129,"type":"if","locations":[{"start":{"line":129,"column":4},"end":{"line":129,"column":4}},{"start":{"line":129,"column":4},"end":{"line":129,"column":4}}]},"13":{"line":129,"type":"binary-expr","locations":[{"start":{"line":129,"column":8},"end":{"line":129,"column":11}},{"start":{"line":129,"column":15},"end":{"line":129,"column":18}}]},"14":{"line":137,"type":"if","locations":[{"start":{"line":137,"column":4},"end":{"line":137,"column":4}},{"start":{"line":137,"column":4},"end":{"line":137,"column":4}}]},"15":{"line":149,"type":"switch","locations":[{"start":{"line":150,"column":4},"end":{"line":151,"column":38}},{"start":{"line":152,"column":4},"end":{"line":155,"column":19}},{"start":{"line":156,"column":4},"end":{"line":156,"column":22}},{"start":{"line":157,"column":4},"end":{"line":161,"column":19}}]},"16":{"line":199,"type":"if","locations":[{"start":{"line":199,"column":2},"end":{"line":199,"column":2}},{"start":{"line":199,"column":2},"end":{"line":199,"column":2}}]},"17":{"line":209,"type":"if","locations":[{"start":{"line":209,"column":6},"end":{"line":209,"column":6}},{"start":{"line":209,"column":6},"end":{"line":209,"column":6}}]},"18":{"line":216,"type":"switch","locations":[{"start":{"line":217,"column":4},"end":{"line":221,"column":30}},{"start":{"line":222,"column":4},"end":{"line":227,"column":8}},{"start":{"line":228,"column":4},"end":{"line":228,"column":20}},{"start":{"line":229,"column":4},"end":{"line":232,"column":8}}]},"19":{"line":218,"type":"if","locations":[{"start":{"line":218,"column":6},"end":{"line":218,"column":6}},{"start":{"line":218,"column":6},"end":{"line":218,"column":6}}]},"20":{"line":245,"type":"if","locations":[{"start":{"line":245,"column":2},"end":{"line":245,"column":2}},{"start":{"line":245,"column":2},"end":{"line":245,"column":2}}]},"21":{"line":245,"type":"binary-expr","locations":[{"start":{"line":245,"column":6},"end":{"line":245,"column":37}},{"start":{"line":245,"column":41},"end":{"line":245,"column":64}}]},"22":{"line":245,"type":"binary-expr","locations":[{"start":{"line":245,"column":7},"end":{"line":245,"column":14}},{"start":{"line":245,"column":18},"end":{"line":245,"column":20}}]},"23":{"line":268,"type":"if","locations":[{"start":{"line":268,"column":2},"end":{"line":268,"column":2}},{"start":{"line":268,"column":2},"end":{"line":268,"column":2}}]},"24":{"line":268,"type":"binary-expr","locations":[{"start":{"line":268,"column":6},"end":{"line":268,"column":37}},{"start":{"line":268,"column":41},"end":{"line":268,"column":64}}]},"25":{"line":268,"type":"binary-expr","locations":[{"start":{"line":268,"column":7},"end":{"line":268,"column":14}},{"start":{"line":268,"column":18},"end":{"line":268,"column":20}}]}},"code":["/*"," * Module dependencies."," */","","var mongo = require('mongodb')","var Debug = require('debug')","var monkDebug = Debug('monk:manager')","var Collection = require('./collection')","var ObjectId = mongo.ObjectID","var MongoClient = mongo.MongoClient","var Logger = mongo.Logger","var EventEmitter = require('events').EventEmitter","var inherits = require('util').inherits","","/*"," * Logger"," */","Logger.setCurrentLogger(function (msg, context) {","  if (context.type === 'error') {","    return console.error(msg)","  }","  var logger = Debug('mongo:' + context.className)","  logger.log = console.log.bind(console)","  logger(context.type.toUpperCase() + ': ' + context.message)","})","Logger.setLevel('debug') // set the level to `debug` so we have everything going through debug","","var STATE = {","  CLOSED: 'closed',","  OPENING: 'opening',","  OPEN: 'open'","}","","/*"," * Module exports."," */","","module.exports = Manager","","/**"," * Monk constructor."," *"," * @param {Array|String} uri replica sets can be an array or"," * comma-separated"," * @param {Object|Function} opts or connect callback"," * @param {Function} fn connect callback"," * @return {Promise} resolve when the connection is opened"," */","","function Manager (uri, opts, fn) {","  if (!uri) {","    throw Error('No connection URI provided.')","  }","","  if (!(this instanceof Manager)) {","    return new Manager(uri, opts, fn)","  }","","  if (typeof opts === 'function') {","    fn = opts","    opts = {}","  }","","  opts = opts || {}","","  if (Array.isArray(uri)) {","    if (!opts.database) {","      for (var i = 0, l = uri.length; i < l; i++) {","        if (!opts.database) {","          opts.database = uri[i].replace(/([^\\/])+\\/?/, '')","        }","        uri[i] = uri[i].replace(/\\/.*/, '')","      }","    }","    uri = uri.join(',') + '/' + opts.database","    monkDebug('repl set connection \"%j\" to database \"%s\"', uri, opts.database)","  }","","  if (typeof uri === 'string') {","    if (!/^mongodb:\\/\\//.test(uri)) {","      uri = 'mongodb://' + uri","    }","  }","","  this._state = STATE.OPENING","","  this._queue = []","  this.on('open', function (db) {","    monkDebug('connection opened')","    monkDebug('emptying queries queue (%s to go)', this._queue.length)","    this._queue.forEach(function (cb) {","      cb(db)","    })","  }.bind(this))","","  this._connectionURI = uri","  this._connectionOptions = opts","","  this.open(uri, opts, fn && function (err) {","    fn(err, this)","  }.bind(this))","","  this.helper = {","    id: ObjectId","  }","","  this.collections = {}","  this.options = { safe: true }","","  this.open = this.open.bind(this)","  this.close = this.close.bind(this)","  this.executeWhenOpened = this.executeWhenOpened.bind(this)","  this.collection = this.col = this.get = this.get.bind(this)","  this.oid = this.id","}","","/*"," * Inherits from EventEmitter."," */","","inherits(Manager, EventEmitter)","","/**"," * Open the connection"," * @private"," */","Manager.prototype.open = function (uri, opts, fn) {","  MongoClient.connect(uri, opts, function (err, db) {","    if (err || !db) {","      this._state = STATE.CLOSED","      this.emit('error-opening', err)","    } else {","      this._state = STATE.OPEN","      this._db = db","      this.emit('open', db)","    }","    if (fn) {","      fn(err, this)","    }","  }.bind(this))","}","","/**"," * Execute when connection opened."," * @private"," */","","Manager.prototype.executeWhenOpened = function () {","  switch (this._state) {","    case STATE.OPEN:","      return Promise.resolve(this._db)","    case STATE.OPENING:","      return new Promise(function (resolve) {","        this._queue.push(resolve)","      }.bind(this))","    case STATE.CLOSED:","    default:","      return new Promise(function (resolve) {","        this._queue.push(resolve)","        this.open(this._connectionURI, this._connectionOptions)","      }.bind(this))","  }","}","","/**"," * Then"," *"," * @param {Function} [fn] - callback"," */","","Manager.prototype.then = function (fn) {","  return new Promise(function (resolve, reject) {","    this.once('open', resolve)","    this.once('error-opening', reject)","  }.bind(this)).then(fn.bind(null, this))","}","","/**"," * Catch"," *"," * @param {Function} [fn] - callback"," */","","Manager.prototype.catch = function (fn) {","  return new Promise(function (resolve) {","    this.once('error-opening', resolve)","  }.bind(this)).then(fn.bind(null))","}","","/**"," * Closes the connection."," *"," * @param {Boolean} [force] - Force close, emitting no events"," * @param {Function} [fn] - callback"," * @return {Promise}"," */","","Manager.prototype.close = function (force, fn) {","  if (typeof force === 'function') {","    fn = force","    force = false","  }","","  var self = this","  function close (resolve, db) {","    db.close(force, function () {","      self._state = STATE.CLOSED","      self.emit('close')","      if (fn) {","        fn()","      }","      resolve()","    })","  }","","  switch (this._state) {","    case STATE.CLOSED:","      if (fn) {","        fn()","      }","      return Promise.resolve()","    case STATE.OPENING:","      return new Promise(function (resolve) {","        self._queue.push(function (db) {","          close(resolve, db)","        })","      })","    case STATE.OPEN:","    default:","      return new Promise(function (resolve) {","        close(resolve, self._db)","      })","  }","}","","/**"," * Gets a collection."," *"," * @param {String} name - name of the mongo collection"," * @param {Object} [options] - options to pass to the collection"," * @return {Collection} collection to query against"," */","","Manager.prototype.get = function (name, options) {","  if ((options || {}).cache === false || !this.collections[name]) {","    this.collections[name] = new Collection(this, name, options)","  }","","  return this.collections[name]","}","","/**"," * Create a collection."," *"," * @param {String} name - name of the mongo collection"," * @param {Object} [creationOptions] - options used when creating the collection"," * @param {Object} [options] - options to pass to the collection"," * @return {Collection} collection to query against"," */","","Manager.prototype.create = function (name, creationOptions, options) {","  this.executeWhenOpened().then(function (db) {","    db.createCollection(name, creationOptions)","  }).catch(function (err) {","    this.emit('error', err)","  })","","  if ((options || {}).cache === false || !this.collections[name]) {","    this.collections[name] = new Collection(this, name, options)","  }","","  return this.collections[name]","}","","/**"," * @deprecated"," */","","Manager.prototype.id = function (str) {","  console.warn('DEPRECATED (manager.id): use monk.id instead (see https://Automattic.github.io/monk/docs/id.html)')","  return require('./helpers').id(str)","}",""],"l":{"5":1,"6":1,"7":1,"8":1,"9":1,"10":1,"11":1,"12":1,"13":1,"18":1,"19":0,"20":0,"22":0,"23":0,"24":0,"26":1,"28":1,"38":1,"50":1,"51":0,"52":0,"55":0,"56":0,"59":0,"60":0,"61":0,"64":0,"66":0,"67":0,"68":0,"69":0,"70":0,"72":0,"75":0,"76":0,"79":0,"80":0,"81":0,"85":0,"87":0,"88":0,"89":0,"90":0,"91":0,"92":0,"96":0,"97":0,"99":0,"100":0,"103":0,"107":0,"108":0,"110":0,"111":0,"112":0,"113":0,"114":0,"121":1,"127":1,"128":0,"129":0,"130":0,"131":0,"133":0,"134":0,"135":0,"137":0,"138":0,"148":1,"149":0,"151":0,"153":0,"154":0,"158":0,"159":0,"160":0,"171":1,"172":0,"173":0,"174":0,"184":1,"185":0,"186":0,"198":1,"199":0,"200":0,"201":0,"204":0,"205":1,"206":0,"207":0,"208":0,"209":0,"210":0,"212":0,"216":0,"218":0,"219":0,"221":0,"223":0,"224":0,"225":0,"230":0,"231":0,"244":1,"245":0,"246":0,"249":0,"261":1,"262":0,"263":0,"265":0,"268":0,"269":0,"272":0,"279":1,"280":0,"281":0}},"/home/travis/build/npmtest/node-npmtest-monk/node_modules/monk/lib/collection.js":{"path":"/home/travis/build/npmtest/node-npmtest-monk/node_modules/monk/lib/collection.js","s":{"1":1,"2":1,"3":1,"4":0,"5":0,"6":0,"7":0,"8":1,"9":0,"10":0,"11":0,"12":0,"13":1,"14":1,"15":0,"16":0,"17":0,"18":0,"19":0,"20":0,"21":0,"22":0,"23":0,"24":0,"25":0,"26":0,"27":0,"28":0,"29":0,"30":0,"31":0,"32":0,"33":0,"34":0,"35":0,"36":0,"37":0,"38":0,"39":0,"40":0,"41":0,"42":1,"43":0,"44":0,"45":1,"46":0,"47":0,"48":0,"49":0,"50":0,"51":0,"52":0,"53":0,"54":1,"55":0,"56":0,"57":0,"58":0,"59":0,"60":0,"61":0,"62":0,"63":1,"64":0,"65":0,"66":0,"67":0,"68":0,"69":0,"70":0,"71":0,"72":0,"73":1,"74":0,"75":0,"76":0,"77":0,"78":0,"79":0,"80":0,"81":0,"82":0,"83":0,"84":1,"85":0,"86":0,"87":0,"88":0,"89":0,"90":0,"91":0,"92":0,"93":0,"94":0,"95":0,"96":0,"97":0,"98":1,"99":0,"100":0,"101":0,"102":0,"103":0,"104":0,"105":1,"106":0,"107":0,"108":0,"109":0,"110":0,"111":0,"112":0,"113":0,"114":1,"115":0,"116":0,"117":0,"118":1,"119":0,"120":0,"121":0,"122":0,"123":0,"124":0,"125":0,"126":1,"127":0,"128":0,"129":0,"130":0,"131":0,"132":0,"133":0,"134":0,"135":0,"136":0,"137":0,"138":0,"139":0,"140":0,"141":0,"142":0,"143":0,"144":0,"145":0,"146":0,"147":0,"148":1,"149":0,"150":0,"151":0,"152":1,"153":0,"154":0,"155":0,"156":0,"157":0,"158":0,"159":1,"160":0,"161":0,"162":0,"163":0,"164":1,"165":0,"166":0,"167":0,"168":0,"169":0,"170":0,"171":0,"172":0,"173":0,"174":0,"175":0,"176":0,"177":0,"178":0,"179":0,"180":1,"181":0,"182":0,"183":0,"184":0,"185":0,"186":0,"187":0,"188":0,"189":0,"190":0,"191":0,"192":0,"193":0,"194":0,"195":0,"196":0,"197":0,"198":0,"199":0,"200":0,"201":0,"202":0,"203":1,"204":0,"205":0,"206":0,"207":0,"208":0,"209":0,"210":0,"211":0,"212":0,"213":0,"214":0,"215":1,"216":0,"217":0,"218":1,"219":0,"220":0,"221":0,"222":0,"223":0,"224":0,"225":0,"226":0,"227":0,"228":0,"229":0,"230":1,"231":0,"232":0,"233":0,"234":0,"235":0,"236":0,"237":0,"238":0,"239":0,"240":0,"241":0,"242":0,"243":0,"244":1,"245":0,"246":0,"247":0,"248":0,"249":0,"250":0,"251":0,"252":1,"253":0,"254":0,"255":0,"256":1,"257":0,"258":0,"259":0,"260":0,"261":0,"262":0,"263":0,"264":0,"265":0,"266":0,"267":0,"268":0,"269":0,"270":0,"271":0,"272":0,"273":0,"274":1,"275":0,"276":0,"277":0,"278":0,"279":0,"280":0,"281":0,"282":0,"283":0,"284":0,"285":1,"286":0,"287":0,"288":1,"289":0,"290":0,"291":0,"292":0,"293":0,"294":0,"295":0,"296":0,"297":0,"298":0,"299":0,"300":0,"301":1,"302":0,"303":0,"304":1,"305":0,"306":0},"b":{"1":[0,0],"2":[0,0],"3":[0,0],"4":[0,0],"5":[0,0],"6":[0,0],"7":[0,0],"8":[0,0],"9":[0,0],"10":[0,0],"11":[0,0],"12":[0,0],"13":[0,0],"14":[0,0],"15":[0,0],"16":[0,0],"17":[0,0],"18":[0,0],"19":[0,0],"20":[0,0],"21":[0,0],"22":[0,0],"23":[0,0],"24":[0,0],"25":[0,0],"26":[0,0],"27":[0,0],"28":[0,0],"29":[0,0],"30":[0,0],"31":[0,0],"32":[0,0],"33":[0,0],"34":[0,0],"35":[0,0],"36":[0,0],"37":[0,0],"38":[0,0],"39":[0,0],"40":[0,0],"41":[0,0],"42":[0,0,0],"43":[0,0],"44":[0,0],"45":[0,0,0],"46":[0,0],"47":[0,0],"48":[0,0,0],"49":[0,0],"50":[0,0],"51":[0,0],"52":[0,0,0],"53":[0,0],"54":[0,0],"55":[0,0],"56":[0,0],"57":[0,0],"58":[0,0],"59":[0,0],"60":[0,0],"61":[0,0],"62":[0,0],"63":[0,0],"64":[0,0],"65":[0,0,0]},"f":{"1":0,"2":0,"3":0,"4":0,"5":0,"6":0,"7":0,"8":0,"9":0,"10":0,"11":0,"12":0,"13":0,"14":0,"15":0,"16":0,"17":0,"18":0,"19":0,"20":0,"21":0,"22":0,"23":0,"24":0,"25":0,"26":0,"27":0,"28":0,"29":0,"30":0,"31":0,"32":0,"33":0,"34":0,"35":0,"36":0,"37":0,"38":0,"39":0,"40":0,"41":0,"42":0,"43":0,"44":0,"45":0,"46":0,"47":0,"48":0,"49":0,"50":0,"51":0,"52":0,"53":0,"54":0,"55":0,"56":0,"57":0,"58":0,"59":0,"60":0,"61":0,"62":0,"63":0,"64":0,"65":0,"66":0},"fnMap":{"1":{"name":"thenFn","line":8,"loc":{"start":{"line":8,"column":0},"end":{"line":8,"column":21}}},"2":{"name":"(anonymous_2)","line":9,"loc":{"start":{"line":9,"column":9},"end":{"line":9,"column":24}}},"3":{"name":"catchFn","line":17,"loc":{"start":{"line":17,"column":0},"end":{"line":17,"column":22}}},"4":{"name":"(anonymous_4)","line":18,"loc":{"start":{
[...]
row to be considered."," * @param {Object} initial - Initial value of the aggregation counter object."," * @param {Function} reduce - The reduce function aggregates (reduces) the objects iterated."," * @param {Function} [finalize] An optional function to be run on each item in the result set just before the item is returned."," * @param {boolean} [command] Specify if you wish to run using the internal group command or using eval, default is true."," * @param {Object} [opts] options"," * @param {Function} [fn] callback"," *"," * @example"," *"," * users.findOneAndUpdate({ name: 'Mathieu' }, opts)"," * users.findOneAndUpdate({ query: { name: 'Mathieu' }, opts)"," * @return {Promise}"," */","","Collection.prototype.group = function (keys, condition, initial, reduce, finalize, command, opts, fn) {","  if (typeof opts === 'function') {","    fn = opts","    opts = {}","  }","","  opts = this.opts(opts)","","  // query","  debug('%s group %j with %j', this.name, keys, condition)","  return this.executeWhenOpened().then(function (col) {","    return col.group(keys, condition, initial, reduce, finalize, command, opts)","  }).then(thenFn(fn)).catch(catchFn(fn))","}","","/**"," * Returns an array that holds a list of documents that identify and describe the existing indexes on the collection."," *"," * https://docs.mongodb.com/manual/reference/method/db.collection.getIndexes/"," *"," * @param {Function} [fn] callback"," * @return {Promise}"," */","","Collection.prototype.indexes = function (fn) {","  debug('%s indexInformation', this.name)","  return this.executeWhenOpened().then(function (col) {","    return col.indexInformation()","  }).then(thenFn(fn)).catch(catchFn(fn))","}","","/**"," * Inserts a document or documents into a collection."," *"," * https://docs.mongodb.com/manual/reference/method/db.collection.insert/"," *"," * @param {Object|Array} data"," * @param {Object} [opts] options"," * @param {Function} [fn] callback"," *"," * @example"," *"," * users.insert({ woot: 'foo' })"," * users.insert([{ woot: 'bar' }, { woot: 'baz' }])"," * @return {Promise}"," */","","Collection.prototype.insert = function (data, opts, fn) {","  if (typeof opts === 'function') {","    fn = opts","    opts = {}","  }","","  opts = this.opts(opts)","","  var arrayInsert = Array.isArray(data)","","  if (arrayInsert && data.length === 0) {","    debug('%s inserting empty array in %j', this.name)","    return Promise.resolve([])","  }","","  // cast","  if (opts.castIds !== false) {","    data = util.cast(data)","  }","","  // query","  debug('%s insert %j', this.name, data)","  return this.executeWhenOpened().then(function (col) {","    return col.insert(data, opts)","  }).then(function (docs) {","    var res = (docs || {}).ops","    if (res && !arrayInsert) {","      res = docs.ops[0]","    }","    return res","  }).then(thenFn(fn)).catch(catchFn(fn))","}","","/**"," * Removes documents from a collection."," *"," * https://docs.mongodb.com/manual/reference/method/db.collection.remove/"," *"," * @param {Object|ObjectId|String} search query"," * @param {Object} [opts]  options"," * @param {Function} [fn] callback"," *"," * @example"," *"," * users.remove({ name: 'Mathieu' })"," * @return {Promise}"," */","","Collection.prototype.remove = function (query, opts, fn) {","  query = util.query(query)","","  if (typeof opts === 'function') {","    fn = opts","    opts = {}","  }","","  opts = this.opts(opts)","","  // cast","  if (opts.castIds !== false) {","    query = util.cast(query)","  }","","  // query","  debug('%s remove %j with %j', this.name, query, opts)","  return this.executeWhenOpened().then(function (col) {","    return col.remove(query, opts)","  }).then(thenFn(fn)).catch(catchFn(fn))","}","","/**"," * @deprecated"," * remove by ID helper"," * @see remove"," *"," * @param {String} hex id"," * @param {Object} [opts]  options"," * @param {Function} [fn] callback"," *"," * @example"," *"," * users.removeById(id)"," * @return {Promise}"," */","","Collection.prototype.removeById = function (id, opts, fn) {","  console.warn('DEPRECATED (collection.removeById): use collection.remove instead (see https://Automattic.github.io/monk/docs/collection/remove.html)')","  return this.remove({ _id: id }, opts, fn)","}","","/**"," * Modifies an existing document or documents in a collection. The method can modify specific fields of an existing document or documents or replace an existing document entirely, depending on the update parameter. By default, the update() method updates a single document. Set the `multi` option to update all documents that match the query criteria."," *"," * https://docs.mongodb.com/manual/reference/method/db.collection.update/"," *"," * @param {Object} query"," * @param {Object} update obj"," * @param {Object|String|Array} [opts], options or fields"," * @param {Function} [fn] callback"," *"," * @example"," *"," * users.update({ name: 'Mathieu' }, { $set: { foo: 'bar' } })"," * @return {Promise}"," */","","Collection.prototype.update = function (query, update, opts, fn) {","  query = util.query(query)","","  if (typeof opts === 'function') {","    fn = opts","    opts = {}","  }","","  opts = this.opts(opts)","","  // cast","  if (opts.castIds !== false) {","    query = util.cast(query)","    update = util.cast(update)","  }","","  // query","  debug('%s update %j with %j', this.name, query, update)","  return this.executeWhenOpened().then(function (col) {","    return col.update(query, update, opts)","  }).then(function (doc) {","    return doc && doc.result || doc","  }).then(thenFn(fn)).catch(catchFn(fn))","}","","/**"," * @deprecated"," * update by id helper"," * @see update"," *"," * @param {String|Object} id - object id"," * @param {Object} update - update obj"," * @param {Object|String|Array} [opts] options or fields"," * @param {Function} [fn] callback"," *"," * @example"," *"," * users.updateById(id, { $set: { foo: 'bar' } })"," * @return {Promise}"," */","","Collection.prototype.updateById = function (id, update, opts, fn) {","  console.warn('DEPRECATED (collection.updateById): use collection.update instead (see https://Automattic.github.io/monk/docs/collection/update.html)')","  return this.update({ _id: id }, update, opts, fn)","}","","/**"," * @deprecated"," */","","Collection.prototype.id = function (str) {","  console.warn('DEPRECATED (collection.id): use monk.id instead (see https://Automattic.github.io/monk/docs/id.html)')","  return require('./helpers').id(str)","}",""],"l":{"5":1,"6":1,"8":1,"9":0,"10":0,"11":0,"13":0,"17":1,"18":0,"19":0,"20":0,"22":0,"30":1,"37":1,"38":0,"39":0,"40":0,"42":0,"44":0,"45":0,"46":0,"47":0,"48":0,"49":0,"50":0,"51":0,"52":0,"53":0,"54":0,"55":0,"56":0,"57":0,"58":0,"59":0,"60":0,"61":0,"62":0,"63":0,"64":0,"65":0,"66":0,"74":1,"75":0,"76":0,"85":1,"86":0,"88":0,"89":0,"90":0,"94":0,"95":0,"96":0,"100":0,"112":1,"113":0,"114":0,"115":0,"119":0,"122":0,"123":0,"124":0,"126":0,"141":1,"142":0,"143":0,"144":0,"147":0,"150":0,"151":0,"155":0,"156":0,"157":0,"170":1,"171":0,"173":0,"174":0,"175":0,"179":0,"182":0,"183":0,"187":0,"188":0,"189":0,"203":1,"204":0,"205":0,"206":0,"209":0,"210":0,"211":0,"214":0,"217":0,"220":0,"221":0,"225":0,"226":0,"227":0,"238":1,"239":0,"240":0,"241":0,"243":0,"244":0,"246":0,"262":1,"263":0,"264":0,"265":0,"268":0,"269":0,"272":0,"273":0,"274":0,"291":1,"293":0,"294":0,"295":0,"318":1,"319":0,"320":0,"321":0,"324":0,"327":0,"328":0,"329":0,"342":1,"343":0,"345":0,"346":0,"347":0,"351":0,"354":0,"355":0,"359":0,"361":0,"362":0,"363":0,"364":0,"368":0,"369":0,"371":0,"372":0,"375":0,"376":0,"379":0,"380":0,"381":0,"383":1,"384":0,"385":0,"386":0,"389":1,"390":0,"391":0,"394":0,"395":0,"396":0,"397":0,"405":1,"406":0,"407":0,"408":0,"409":0,"413":1,"414":0,"415":0,"416":0,"417":0,"419":0,"423":0,"424":0,"426":0,"427":0,"428":0,"430":0,"435":0,"436":0,"437":0,"440":0,"459":1,"460":0,"462":0,"463":0,"468":0,"469":0,"472":0,"474":0,"475":0,"476":0,"479":0,"481":0,"482":0,"484":0,"488":0,"489":0,"493":0,"494":0,"495":0,"499":0,"500":0,"501":0,"508":0,"527":1,"528":0,"530":0,"531":0,"532":0,"536":0,"539":0,"540":0,"544":0,"545":0,"546":0,"548":0,"564":1,"565":0,"566":0,"580":1,"581":0,"583":0,"584":0,"585":0,"588":0,"591":0,"592":0,"596":0,"597":0,"598":0,"600":0,"621":1,"622":0,"624":0,"625":0,"626":0,"629":0,"631":0,"632":0,"636":0,"637":0,"641":0,"642":0,"643":0,"645":0,"670":1,"671":0,"672":0,"673":0,"676":0,"679":0,"680":0,"681":0,"694":1,"695":0,"696":0,"697":0,"717":1,"718":0,"719":0,"720":0,"723":0,"725":0,"727":0,"728":0,"729":0,"733":0,"734":0,"738":0,"739":0,"740":0,"742":0,"743":0,"744":0,"746":0,"765":1,"766":0,"768":0,"769":0,"770":0,"773":0,"776":0,"777":0,"781":0,"782":0,"783":0,"802":1,"803":0,"804":0,"823":1,"824":0,"826":0,"827":0,"828":0,"831":0,"834":0,"835":0,"836":0,"840":0,"841":0,"842":0,"844":0,"864":1,"865":0,"866":0,"873":1,"874":0,"875":0}},"/home/travis/build/npmtest/node-npmtest-monk/node_modules/monk/lib/util.js":{"path":"/home/travis/build/npmtest/node-npmtest-monk/node_modules/monk/lib/util.js","s":{"1":1,"2":1,"3":0,"4":0,"5":0,"6":0,"7":0,"8":0,"9":0,"10":0,"11":0,"12":0,"13":0,"14":0,"15":0,"16":0,"17":1,"18":0,"19":0,"20":0,"21":0,"22":1,"23":0,"24":0,"25":0,"26":0,"27":0,"28":0,"29":0,"30":0,"31":0,"32":1,"33":0,"34":0,"35":0,"36":0,"37":0,"38":0},"b":{"1":[0,0],"2":[0,0],"3":[0,0],"4":[0,0],"5":[0,0],"6":[0,0],"7":[0,0],"8":[0,0],"9":[0,0],"10":[0,0],"11":[0,0],"12":[0,0],"13":[0,0],"14":[0,0],"15":[0,0],"16":[0,0],"17":[0,0],"18":[0,0],"19":[0,0]},"f":{"1":0,"2":0,"3":0,"4":0,"5":0},"fnMap":{"1":{"name":"cast","line":11,"loc":{"start":{"line":11,"column":15},"end":{"line":11,"column":35}}},"2":{"name":"(anonymous_2)","line":17,"loc":{"start":{"line":17,"column":29},"end":{"line":17,"column":42}}},"3":{"name":"(anonymous_3)","line":45,"loc":{"start":{"line":45,"column":16},"end":{"line":45,"column":33}}},"4":{"name":"(anonymous_4)","line":64,"loc":{"start":{"line":64,"column":17},"end":{"line":64,"column":49}}},"5":{"name":"(anonymous_5)","line":91,"loc":{"start":{"line":91,"column":18},"end":{"line":91,"column":34}}}},"statementMap":{"1":{"start":{"line":1,"column":0},"end":{"line":1,"column":32}},"2":{"start":{"line":11,"column":0},"end":{"line":35,"column":1}},"3":{"start":{"line":12,"column":2},"end":{"line":14,"column":3}},"4":{"start":{"line":13,"column":4},"end":{"line":13,"column":24}},"5":{"start":{"line":16,"column":2},"end":{"line":32,"column":3}},"6":{"start":{"line":17,"column":4},"end":{"line":31,"column":6}},"7":{"start":{"line":18,"column":6},"end":{"line":30,"column":7}},"8":{"start":{"line":19,"column":8},"end":{"line":27,"column":9}},"9":{"start":{"line":20,"column":10},"end":{"line":20,"column":43}},"10":{"start":{"line":21,"column":15},"end":{"line":27,"column":9}},"11":{"start":{"line":22,"column":10},"end":{"line":22,"column":45}},"12":{"start":{"line":23,"column":15},"end":{"line":27,"column":9}},"13":{"start":{"line":24,"column":10},"end":{"line":24,"column":39}},"14":{"start":{"line":26,"column":10},"end":{"line":26,"column":31}},"15":{"start":{"line":29,"column":8},"end":{"line":29,"column":29}},"16":{"start":{"line":34,"column":2},"end":{"line":34,"column":12}},"17":{"start":{"line":45,"column":0},"end":{"line":53,"column":1}},"18":{"start":{"line":46,"column":2},"end":{"line":46,"column":21}},"19":{"start":{"line":48,"column":2},"end":{"line":50,"column":3}},"20":{"start":{"line":49,"column":4},"end":{"line":49,"column":23}},"21":{"start":{"line":52,"column":2},"end":{"line":52,"column":14}},"22":{"start":{"line":64,"column":0},"end":{"line":81,"column":1}},"23":{"start":{"line":65,"column":2},"end":{"line":67,"column":3}},"24":{"start":{"line":66,"column":4},"end":{"line":66,"column":14}},"25":{"start":{"line":69,"column":2},"end":{"line":69,"column":17}},"26":{"start":{"line":70,"column":2},"end":{"line":70,"column":62}},"27":{"start":{"line":72,"column":2},"end":{"line":78,"column":3}},"28":{"start":{"line":73,"column":4},"end":{"line":77,"column":5}},"29":{"start":{"line":74,"column":6},"end":{"line":74,"column":48}},"30":{"start":{"line":76,"column":6},"end":{"line":76,"column":24}},"31":{"start":{"line":80,"column":2},"end":{"line":80,"column":15}},"32":{"start":{"line":91,"column":0},"end":{"line":99,"column":1}},"33":{"start":{"line":92,"column":2},"end":{"line":94,"column":3}},"34":{"start":{"line":93,"column":4},"end":{"line":93,"column":43}},"35":{"start":{"line":95,"column":2},"end":{"line":95,"column":19}},"36":{"start":{"line":96,"column":2},"end":{"line":96,"column":46}},"37":{"start":{"line":97,"column":2},"end":{"line":97,"column":43}},"38":{"start":{"line":98,"column":2},"end":{"line":98,"column":13}}},"branchMap":{"1":{"line":12,"type":"if","locations":[{"start":{"line":12,"column":2},"end":{"line":12,"column":2}},{"start":{"line":12,"column":2},"end":{"line":12,"column":2}}]},"2":{"line":16,"type":"if","locations":[{"start":{"line":16,"column":2},"end":{"line":16,"column":2}},{"start":{"line":16,"column":2},"end":{"line":16,"column":2}}]},"3":{"line":16,"type":"binary-expr","locations":[{"start":{"line":16,"column":6},"end":{"line":16,"column":9}},{"start":{"line":16,"column":13},"end":{"line":16,"column":36}}]},"4":{"line":18,"type":"if","locations":[{"start":{"line":18,"column":6},"end":{"line":18,"column":6}},{"start":{"line":18,"column":6},"end":{"line":18,"column":6}}]},"5":{"line":18,"type":"binary-expr","locations":[{"start":{"line":18,"column":10},"end":{"line":18,"column":21}},{"start":{"line":18,"column":25},"end":{"line":18,"column":32}}]},"6":{"line":19,"type":"if","locations":[{"start":{"line":19,"column":8},"end":{"line":19,"column":8}},{"start":{"line":19,"column":8},"end":{"line":19,"column":8}}]},"7":{"line":21,"type":"if","locations":[{"start":{"line":21,"column":15},"end":{"line":21,"column":15}},{"start":{"line":21,"column":15},"end":{"line":21,"column":15}}]},"8":{"line":23,"type":"if","locations":[{"start":{"line":23,"column":15},"end":{"line":23,"column":15}},{"start":{"line":23,"column":15},"end":{"line":23,"column":15}}]},"9":{"line":46,"type":"binary-expr","locations":[{"start":{"line":46,"column":10},"end":{"line":46,"column":15}},{"start":{"line":46,"column":19},"end":{"line":46,"column":21}}]},"10":{"line":48,"type":"if","locations":[{"start":{"line":48,"column":2},"end":{"line":48,"column":2}},{"start":{"line":48,"column":2},"end":{"line":48,"column":2}}]},"11":{"line":48,"type":"binary-expr","locations":[{"start":{"line":48,"column":6},"end":{"line":48,"column":31}},{"start":{"line":48,"column":35},"end":{"line":48,"column":74}}]},"12":{"line":65,"type":"if","locations":[{"start":{"line":65,"column":2},"end":{"line":65,"column":2}},{"start":{"line":65,"column":2},"end":{"line":65,"column":2}}]},"13":{"line":65,"type":"binary-expr","locations":[{"start":{"line":65,"column":6},"end":{"line":65,"column":25}},{"start":{"line":65,"column":29},"end":{"line":65,"column":52}}]},"14":{"line":70,"type":"cond-expr","locations":[{"start":{"line":70,"column":34},"end":{"line":70,"column":48}},{"start":{"line":70,"column":52},"end":{"line":70,"column":61}}]},"15":{"line":70,"type":"binary-expr","locations":[{"start":{"line":70,"column":52},"end":{"line":70,"column":55}},{"start":{"line":70,"column":59},"end":{"line":70,"column":61}}]},"16":{"line":73,"type":"if","locations":[{"start":{"line":73,"column":4},"end":{"line":73,"column":4}},{"start":{"line":73,"column":4},"end":{"line":73,"column":4}}]},"17":{"line":92,"type":"if","locations":[{"start":{"line":92,"column":2},"end":{"line":92,"column":2}},{"start":{"line":92,"column":2},"end":{"line":92,"column":2}}]},"18":{"line":92,"type":"binary-expr","locations":[{"start":{"line":92,"column":6},"end":{"line":92,"column":30}},{"start":{"line":92,"column":34},"end":{"line":92,"column":53}}]},"19":{"line":95,"type":"binary-expr","locations":[{"start":{"line":95,"column":9},"end":{"line":95,"column":13}},{"start":{"line":95,"column":17},"end":{"line":95,"column":19}}]}},"code":["var id = require('./helpers').id","","/**"," * Applies ObjectId casting to _id fields."," *"," * @param {Object} optional, query"," * @return {Object} query"," * @private"," */","","exports.cast = function cast (obj) {","  if (Array.isArray(obj)) {","    return obj.map(cast)","  }","","  if (obj && typeof obj === 'object') {","    Object.keys(obj).forEach(function (k) {","      if (k === '_id' && obj._id) {","        if (obj._id.$in) {","          obj._id.$in = obj._id.$in.map(id)","        } else if (obj._id.$nin) {","          obj._id.$nin = obj._id.$nin.map(id)","        } else if (obj._id.$ne) {","          obj._id.$ne = id(obj._id.$ne)","        } else {","          obj._id = id(obj._id)","        }","      } else {","        obj[k] = cast(obj[k])","      }","    })","  }","","  return obj","}","","/**"," * Check if the query is an id and if so, transform it to a proper query"," *"," * @param {String|ObjectId|Object} query"," * @return {Object} query"," * @private"," */","","exports.query = function (query) {","  query = query || {}","","  if (typeof query === 'string' || typeof query.toHexString === 'function') {","    return {_id: query}","  }","","  return query","}","","/**"," * Parses all the possible ways of expressing fields."," *"," * @param {String|Object|Array} fields"," * @param {number} number when -"," * @return {Object} fields in object format"," * @private"," */","","exports.fields = function (obj, numberWhenMinus) {","  if (!Array.isArray(obj) && typeof obj === 'object') {","    return obj","  }","","  var fields = {}","  obj = typeof obj === 'string' ? obj.split(' ') : (obj || [])","","  for (var i = 0, l = obj.length; i < l; i++) {","    if (obj[i][0] === '-') {","      fields[obj[i].substr(1)] = numberWhenMinus","    } else {","      fields[obj[i]] = 1","    }","  }","","  return fields","}","","/**"," * Parses an object format."," *"," * @param {String|Array|Object} fields or options"," * @return {Object} options"," * @private"," */","","exports.options = function (opts) {","  if (typeof opts === 'string' || Array.isArray(opts)) {","    return { fields: exports.fields(opts) }","  }","  opts = opts || {}","  opts.fields = exports.fields(opts.fields, 0)","  opts.sort = exports.fields(opts.sort, -1)","  return opts","}",""],"l":{"1":1,"11":1,"12":0,"13":0,"16":0,"17":0,"18":0,"19":0,"20":0,"21":0,"22":0,"23":0,"24":0,"26":0,"29":0,"34":0,"45":1,"46":0,"48":0,"49":0,"52":0,"64":1,"65":0,"66":0,"69":0,"70":0,"72":0,"73":0,"74":0,"76":0,"80":0,"91":1,"92":0,"93":0,"95":0,"96":0,"97":0,"98":0}},"/home/travis/build/npmtest/node-npmtest-monk/node_modules/monk/lib/helpers.js":{"path":"/home/travis/build/npmtest/node-npmtest-monk/node_modules/monk/lib/helpers.js","s":{"1":1,"2":1,"3":0,"4":0,"5":0},"b":{"1":[0,0],"2":[0,0]},"f":{"1":0},"fnMap":{"1":{"name":"(anonymous_1)","line":11,"loc":{"start":{"line":11,"column":13},"end":{"line":11,"column":28}}}},"statementMap":{"1":{"start":{"line":1,"column":0},"end":{"line":1,"column":42}},"2":{"start":{"line":11,"column":0},"end":{"line":14,"column":1}},"3":{"start":{"line":12,"column":2},"end":{"line":12,"column":36}},"4":{"start":{"line":12,"column":19},"end":{"line":12,"column":36}},"5":{"start":{"line":13,"column":2},"end":{"line":13,"column":74}}},"branchMap":{"1":{"line":12,"type":"if","locations":[{"start":{"line":12,"column":2},"end":{"line":12,"column":2}},{"start":{"line":12,"column":2},"end":{"line":12,"column":2}}]},"2":{"line":13,"type":"cond-expr","locations":[{"start":{"line":13,"column":35},"end":{"line":13,"column":68}},{"start":{"line":13,"column":71},"end":{"line":13,"column":74}}]}},"code":["var ObjectId = require('mongodb').ObjectID","","/**"," * Casts to objectid"," *"," * @param {Mixed} str - hex id or ObjectId"," * @return {ObjectId}"," * @api public"," */","","exports.id = function (str) {","  if (str == null) return ObjectId()","  return typeof str === 'string' ? ObjectId.createFromHexString(str) : str","}",""],"l":{"1":1,"11":1,"12":0,"13":0}}}